('model_architecture:', 'rf2')
---------GENERATE_FOLD_p_1231-----------------------------------------------
-------------------------------------------------THIS SEED FINISHED----------------------------------
************results : one_mode + one_seed + one_layer + one_parameter************
Avg_AUPR_training = 0.9732,Avg_AUPR_testing = 0.9223,Avg_AUC_training = 0.9876,Avg_AUC_testing = 0.9751
('folds_AUPR_testing:', [0.7457434630479479, 0.9742826617826618, 0.9633333333333334, 0.9267787524366473, 0.9181714119214119, 0.8669913419913422, 1.0, 0.9564393939393939, 0.9742063492063491, 0.8966278819219996])
('folds_AUPR_training:', [0.98472856357487, 0.9734464767842684, 0.983999021139437, 0.9348442158804324, 0.9951199893584755, 0.9888587452597075, 0.9562853665811408, 0.9995582517663703, 0.9333420196140169, 0.9815494756098153])
('folds_AUC_testing:', [0.8763213530655392, 0.9973958333333333, 0.9985185185185186, 0.9906700593723494, 0.9889322916666667, 0.9156064461407972, 1.0, 0.9962121212121211, 0.9987562189054727, 0.9884773662551439])
('folds_AUC_training:', [0.9986540618490626, 0.9817799541661262, 0.9932295564536248, 0.9639074126253612, 0.9996757037229211, 0.9910668628617346, 0.9728562036254345, 0.9999690479138295, 0.981910815173527, 0.9929580414454601])
precision_testing = 0.921428571429, recall_testing = 0.782601010101, fscore_testing = 0.839540312629
precision_training = 0.980461639587, recall_training = 0.898897517342, fscore_training = 0.935870509807
************************************
################Results###################
('model_architecture:', 'rf2')
Mode: p
Average: AUPR: 0.9222574589581087
Average: AUC: 0.9750890208469942
Average: precision = 0.921428571429, recall = 0.782601010101, fscore = 0.839540312629 
('Average: G_mean = ', 0.8792556271547717)
---------GENERATE_FOLD_p_8367-----------------------------------------------
-------------------------------------------------THIS SEED FINISHED----------------------------------
************results : one_mode + one_seed + one_layer + one_parameter************
Avg_AUPR_training = 0.977,Avg_AUPR_testing = 0.9181,Avg_AUC_training = 0.9887,Avg_AUC_testing = 0.9808
('folds_AUPR_testing:', [0.9566181293454021, 0.8926673632693887, 0.9055555555555557, 0.9882716049382716, 0.9173042489353465, 1.0, 0.9539682539682541, 0.8017688582870219, 0.9248015873015873, 0.8402276735610069])
('folds_AUPR_training:', [0.9870021428029052, 0.9715522520937995, 0.9426374661746323, 0.9889027872581561, 0.9904220721458579, 0.9905612510385319, 0.9642462194213354, 0.9799182437690226, 0.9684484527314725, 0.9859469483714228])
('folds_AUC_testing:', [0.9957716701902748, 0.9492187499999998, 0.9940740740740741, 0.9991518235793044, 0.978515625, 1.0, 0.9949109414758269, 0.9275568181818182, 0.9962686567164178, 0.9728395061728395])
('folds_AUC_training:', [0.9908721892859049, 0.9858931119470749, 0.95792546026044, 0.9912234014798117, 0.9992000691832058, 0.9993738455276917, 0.9850818696972542, 0.9929274483100159, 0.9855528652138823, 0.9990261678132755])
precision_testing = 0.89323953824, recall_testing = 0.812575757576, fscore_testing = 0.844392301362
precision_training = 0.954350315251, recall_training = 0.934937501973, fscore_training = 0.944005413567
************************************
################Results###################
('model_architecture:', 'rf2')
Mode: p
Average: AUPR: 0.9201878932371461
Average: AUC: 0.9779599036930247
Average: precision = 0.907334054834, recall = 0.797588383838, fscore = 0.841966306995 
('Average: G_mean = ', 0.8870247691161574)
---------GENERATE_FOLD_p_22-----------------------------------------------
-------------------------------------------------THIS SEED FINISHED----------------------------------
************results : one_mode + one_seed + one_layer + one_parameter************
Avg_AUPR_training = 0.9762,Avg_AUPR_testing = 0.9191,Avg_AUC_training = 0.989,Avg_AUC_testing = 0.973
('folds_AUPR_testing:', [0.8205010985183399, 0.9827380952380953, 1.0, 0.8956577595066804, 0.9595096182412359, 0.9040899187958011, 1.0, 0.8837152777777778, 0.8301099227569816, 0.9148122211847701])
('folds_AUPR_training:', [0.9999999999999998, 0.9814103159007445, 0.9902789536163533, 0.9361383692804714, 0.959684765956831, 0.9741255769211074, 0.9777837317774005, 0.9832800734636147, 0.9873062160206061, 0.9715799130793016])
('folds_AUC_testing:', [0.9217758985200847, 0.998046875, 1.0, 0.8888888888888887, 0.9954427083333333, 0.9889737065309585, 1.0, 0.9820075757575757, 0.9639303482587066, 0.9909465020576131])
('folds_AUC_training:', [1.0, 0.992281748605526, 0.9992815446789403, 0.9567535977792387, 0.9793153024603276, 0.9823424438809054, 0.9917399789194661, 0.9988031860014032, 0.9990819209039548, 0.9903192703588519])
precision_testing = 0.895437895438, recall_testing = 0.871338383838, fscore_testing = 0.880279647746
precision_training = 0.947843875143, recall_training = 0.920883441001, fscore_training = 0.933067036787
************************************
################Results###################
('model_architecture:', 'rf2')
Mode: p
Average: AUPR: 0.9198297258920868
Average: AUC: 0.9763070192402553
Average: precision = 0.903368668369, recall = 0.822171717172, fscore = 0.854737420579 
('Average: G_mean = ', 0.9010615998933146)
---------GENERATE_FOLD_p_1812-----------------------------------------------
-------------------------------------------------THIS SEED FINISHED----------------------------------
************results : one_mode + one_seed + one_layer + one_parameter************
Avg_AUPR_training = 0.9762,Avg_AUPR_testing = 0.9393,Avg_AUC_training = 0.9885,Avg_AUC_testing = 0.9868
('folds_AUPR_testing:', [0.8222237820075959, 1.0, 0.9633333333333334, 0.970959595959596, 0.8817473036223037, 1.0, 1.0, 0.8833739177489177, 1.0, 0.8711898680289485])
('folds_AUPR_training:', [0.978770896664282, 0.9859508692705687, 0.9977117798470279, 0.9204292307382835, 0.9696530674363937, 0.9810505445861446, 0.9969093838324212, 0.9765857619388677, 0.9869826899224088, 0.9675182062527976])
('folds_AUC_testing:', [0.9534883720930234, 1.0, 0.9985185185185186, 0.9974554707379133, 0.9475911458333333, 1.0, 1.0, 0.9914772727272726, 1.0, 0.9794238683127573])
('folds_AUC_training:', [0.9920311915825456, 0.990827820296623, 0.9998353539889238, 0.9565083539442514, 0.985741773684438, 0.9904615802051697, 0.9997651920728844, 0.9919834096818125, 0.9913640032284099, 0.9861569231091424])
precision_testing = 0.882062382062, recall_testing = 0.856060606061, fscore_testing = 0.863237187365
precision_training = 0.954354671417, recall_training = 0.929445099668, fscore_training = 0.94078914746
************************************
################Results###################
('model_architecture:', 'rf2')
Mode: p
Average: AUPR: 0.9246929894365825
Average: AUC: 0.9789291306357619
Average: precision = 0.898042096792, recall = 0.830643939394, fscore = 0.856862362275 
('Average: G_mean = ', 0.9056697571068536)
---------GENERATE_FOLD_p_4659-----------------------------------------------
-------------------------------------------------THIS SEED FINISHED----------------------------------
************results : one_mode + one_seed + one_layer + one_parameter************
Avg_AUPR_training = 0.9772,Avg_AUPR_testing = 0.9172,Avg_AUC_training = 0.9892,Avg_AUC_testing = 0.9856
('folds_AUPR_testing:', [0.8515909263516919, 0.8489030432636755, 0.8930952380952379, 0.9539682539682541, 0.904242842315123, 1.0, 0.9067154520111511, 0.868416918049271, 0.9742063492063491, 0.9709595959595959])
('folds_AUPR_training:', [0.9862447817896192, 0.9749481183645973, 0.9585308725989806, 0.9839517285873478, 0.9725475979211065, 0.9879522159974208, 0.9875755488991805, 0.9532209774951023, 0.9977288057476214, 0.969000479600671])
('folds_AUC_testing:', [0.9665257223396757, 0.96875, 0.9955555555555556, 0.9949109414758269, 0.96875, 1.0, 0.9804919423240033, 0.9848484848484848, 0.9987562189054727, 0.9975308641975309])
('folds_AUC_training:', [0.9990332745820648, 0.9918979980109828, 0.9801027790250961, 0.9908998883357857, 0.9899089808448998, 0.9911294783089655, 0.9916564916564916, 0.9758676901489827, 0.9998184019370461, 0.9815652519921675])
precision_testing = 0.876464646465, recall_testing = 0.827727272727, fscore_testing = 0.845303860675
precision_training = 0.94822121997, recall_training = 0.928178227814, fscore_training = 0.937445371521
************************************
################Results###################
('model_architecture:', 'rf2')
Mode: p
Average: AUPR: 0.923196363933673
Average: AUC: 0.9802656991015405
Average: precision = 0.893726606727, recall = 0.830060606061, fscore = 0.854550661955 
('Average: G_mean = ', 0.9054538340819055)
seed_results: 
('Avg_AUPR_training:', 0.9731732125568534)
('Avg_AUPR:', 0.9222574589581087)
('folds_AUPR:', [0.7457434630479479, 0.9742826617826618, 0.9633333333333334, 0.9267787524366473, 0.9181714119214119, 0.8669913419913422, 1.0, 0.9564393939393939, 0.9742063492063491, 0.8966278819219996])
('Avg_AUC_training:', 0.987600765983708)
('Avg_AUC:', 0.9750890208469942)
('folds_AUC:', [0.8763213530655392, 0.9973958333333333, 0.9985185185185186, 0.9906700593723494, 0.9889322916666667, 0.9156064461407972, 1.0, 0.9962121212121211, 0.9987562189054727, 0.9884773662551439])
precision_testing = 0.921428571429, recall_testing = 0.782601010101, fscore_testing = 0.839540312629
precision_training = 0.980461639587, recall_training = 0.898897517342, fscore_training = 0.935870509807
('G_mean = ', [0.7356807837947246, 0.9128709291752769, 0.7745966692414834, 0.8819171036881969, 0.8558164961018221, 0.8785445593895106, 0.9428090415820634, 0.9354143466934853, 0.9962616691576746, 0.8786446727234791])

###########################################
seed_results: 
('Avg_AUPR_training:', 0.9769637835807135)
('Avg_AUPR:', 0.9181183275161835)
('folds_AUPR:', [0.9566181293454021, 0.8926673632693887, 0.9055555555555557, 0.9882716049382716, 0.9173042489353465, 1.0, 0.9539682539682541, 0.8017688582870219, 0.9248015873015873, 0.8402276735610069])
('Avg_AUC_training:', 0.9887076428718556)
('Avg_AUC:', 0.9808307865390556)
('folds_AUC:', [0.9957716701902748, 0.9492187499999998, 0.9940740740740741, 0.9991518235793044, 0.978515625, 1.0, 0.9949109414758269, 0.9275568181818182, 0.9962686567164178, 0.9728395061728395])
precision_testing = 0.89323953824, recall_testing = 0.812575757576, fscore_testing = 0.844392301362
precision_training = 0.954350315251, recall_training = 0.934937501973, fscore_training = 0.944005413567
('G_mean = ', [0.9497598079205958, 0.85923294280422, 0.8944271909999159, 0.939203640071377, 0.9092980351164665, 0.9428090415820634, 0.9428090415820634, 0.7044232543095956, 0.9925092578236596, 0.8134668985654723])

###########################################
seed_results: 
('Avg_AUPR_training:', 0.976158791601643)
('Avg_AUPR:', 0.9191133912019682)
('folds_AUPR:', [0.8205010985183399, 0.9827380952380953, 1.0, 0.8956577595066804, 0.9595096182412359, 0.9040899187958011, 1.0, 0.8837152777777778, 0.8301099227569816, 0.9148122211847701])
('Avg_AUC_training:', 0.9889918993588612)
('Avg_AUC:', 0.973001250334716)
('folds_AUC:', [0.9217758985200847, 0.998046875, 1.0, 0.8888888888888887, 0.9954427083333333, 0.9889737065309585, 1.0, 0.9820075757575757, 0.9639303482587066, 0.9909465020576131])
precision_testing = 0.895437895438, recall_testing = 0.871338383838, fscore_testing = 0.880279647746
precision_training = 0.947843875143, recall_training = 0.920883441001, fscore_training = 0.933067036787
('G_mean = ', [0.8428282197659417, 0.9574271077563381, 1.0, 0.9428090415820634, 0.9499177595981665, 0.8819171036881969, 0.9428090415820634, 0.9283008263717233, 0.9060328484045486, 0.9393106657272507])

###########################################
seed_results: 
('Avg_AUPR_training:', 0.9761562430489196)
('Avg_AUPR:', 0.9392827800700697)
('folds_AUPR:', [0.8222237820075959, 1.0, 0.9633333333333334, 0.970959595959596, 0.8817473036223037, 1.0, 1.0, 0.8833739177489177, 1.0, 0.8711898680289485])
('Avg_AUC_training:', 0.9884675601794202)
('Avg_AUC:', 0.9867954648222819)
('folds_AUC:', [0.9534883720930234, 1.0, 0.9985185185185186, 0.9974554707379133, 0.9475911458333333, 1.0, 1.0, 0.9914772727272726, 1.0, 0.9794238683127573])
precision_testing = 0.882062382062, recall_testing = 0.856060606061, fscore_testing = 0.863237187365
precision_training = 0.954354671417, recall_training = 0.929445099668, fscore_training = 0.94078914746
('G_mean = ', [0.8494909971230382, 0.9960860906568267, 0.9962894120648842, 0.9428090415820634, 0.85923294280422, 0.9428090415820634, 0.9428090415820634, 0.8594395636904107, 0.9925092578236596, 0.8134668985654723])

###########################################
seed_results: 
('Avg_AUPR_training:', 0.9771701127001649)
('Avg_AUPR:', 0.917209861922035)
('folds_AUPR:', [0.8515909263516919, 0.8489030432636755, 0.8930952380952379, 0.9539682539682541, 0.904242842315123, 1.0, 0.9067154520111511, 0.868416918049271, 0.9742063492063491, 0.9709595959595959])
('Avg_AUC_training:', 0.9891880234842482)
('Avg_AUC:', 0.9856119729646551)
('folds_AUC:', [0.9665257223396757, 0.96875, 0.9955555555555556, 0.9949109414758269, 0.96875, 1.0, 0.9804919423240033, 0.9848484848484848, 0.9987562189054727, 0.9975308641975309])
precision_testing = 0.876464646465, recall_testing = 0.827727272727, fscore_testing = 0.845303860675
precision_training = 0.94822121997, recall_training = 0.928178227814, fscore_training = 0.937445371521
('G_mean = ', [0.8494909971230382, 0.816496580927726, 0.8911083402561522, 0.9428090415820634, 0.9092980351164665, 1.0, 0.9283034220698708, 0.856127645538062, 0.9094583156256787, 0.9428090415820634])

###########################################
################Results###################
('model_architecture:', 'rf2')
Mode: ['p']
Average AUPR: [0.923196363933673]
Average AUC: [0.9802656991015405]
Average precision = [0.8937266067266068] 
Average recall = [0.830060606060606] 
Average f1score = [0.8545506619552654] 
Average recall_25 = [0.8650901875901876] 
Average recall_50 = [0.8437770562770562] 
('Average G_mean = ,', [0.9054538340819055])
###########################################
mean_fp = 9.4, mean_fn = 15.8, mean_tp = 74.2, mean_tn = 1304.6
micro_precision = 0.887559808612, micro_recall = 0.824444444444, micro_fscore = 0.854838709677
('DTI_CDF_new_pair: ', ['D05341,hsa3174', 'D01441,hsa6095', 'D00506,hsa9970', 'D00585,hsa2908', 'D00730,hsa8856', 'D00066,hsa5241', 'D02367,hsa2099', 'D01132,hsa6257', 'D00585,hsa4306', 'D00094,hsa190', 'D00690,hsa5241', 'D00348,hsa5914', 'D01132,hsa6096', 'D00316,hsa6257', 'D00930,hsa7421', 'D00163,hsa9971', 'D00577,hsa2101', 'D00067,hsa2099', 'D00585,hsa367', 'D00094,hsa6097', 'D00565,hsa5465', 'D04066,hsa2100', 'D00279,hsa5465', 'D00577,hsa2103', 'D00105,hsa2099', 'D00577,hsa2104', 'D00954,hsa2099', 'D00299,hsa7421', 'D01161,hsa2100', 'D00443,hsa4306', 'D00327,hsa2099', 'D00585,hsa5241', 'D00094,hsa5914', 'D00040,hsa6095', 'D01132,hsa6256', 'D00316,hsa6258', 'D01132,hsa5915', 'D00327,hsa367', 'D00962,hsa2099', 'D01132,hsa6258'])
Time = 2020.43099999
('model_architecture:', 'xgb2')
---------GENERATE_FOLD_p_1231-----------------------------------------------
-------------------------------------------------THIS SEED FINISHED----------------------------------
************results : one_mode + one_seed + one_layer + one_parameter************
Avg_AUPR_training = 0.9845,Avg_AUPR_testing = 0.9162,Avg_AUC_training = 0.992,Avg_AUC_testing = 0.9748
('folds_AUPR_testing:', [0.7118783362687984, 0.9712121212121213, 0.9196428571428572, 0.9539682539682541, 0.9379298841255364, 0.8198475469667508, 1.0, 0.8981140010351967, 0.9742063492063491, 0.9751543209876543])
('folds_AUPR_training:', [0.9999999999999999, 0.9826766301125274, 0.9925854057421731, 0.9679906312697641, 0.9999999999999998, 0.9917126070864717, 0.9402030330923631, 1.0, 0.9821936450906712, 0.9879422350575159])
('folds_AUC_testing:', [0.8914728682170543, 0.9967447916666666, 0.9955555555555556, 0.9949109414758269, 0.9908854166666667, 0.8977947413061917, 1.0, 0.9839015151515151, 0.9987562189054726, 0.9983539094650206])
('folds_AUC_training:', [1.0, 0.9910656375664807, 0.9960734420994861, 0.9832034062803293, 0.9999999999999999, 0.9959404318378677, 0.9713534328918945, 1.0, 0.9907788539144471, 0.9917747829820207])
precision_testing = 0.915595238095, recall_testing = 0.781212121212, fscore_testing = 0.832482174688
precision_training = 0.997481786506, recall_training = 0.958072613661, fscore_training = 0.976643686297
************************************
################Results###################
('model_architecture:', 'xgb2')
Mode: p
Average: AUPR: 0.9161953670913519
Average: AUC: 0.9748375958409969
Average: precision = 0.915595238095, recall = 0.781212121212, fscore = 0.832482174688 
('Average: G_mean = ', 0.8783345361008992)
---------GENERATE_FOLD_p_8367-----------------------------------------------
-------------------------------------------------THIS SEED FINISHED----------------------------------
************results : one_mode + one_seed + one_layer + one_parameter************
Avg_AUPR_training = 0.9873,Avg_AUPR_testing = 0.9328,Avg_AUC_training = 0.9934,Avg_AUC_testing = 0.9864
('folds_AUPR_testing:', [0.9738062442607898, 0.9193199502023031, 0.9196428571428572, 1.0, 0.9297270955165693, 1.0, 0.9398960363872645, 0.8046961966604824, 0.9248015873015873, 0.9159286097691896])
('folds_AUPR_training:', [0.9899594978332554, 0.9816874169315782, 0.9590296394697025, 0.9902896971208864, 0.9999999999999997, 1.0000000000000002, 0.9804525521687462, 0.9902742932163313, 0.9814611402272542, 0.999849442938874])
('folds_AUC_testing:', [0.9978858350951374, 0.9654947916666666, 0.9955555555555555, 1.0, 0.9895833333333334, 1.0, 0.991518235793045, 0.940814393939394, 0.996268656716418, 0.9868312757201647])
('folds_AUC_training:', [0.99465363456711, 0.9903359709430537, 0.9797784762760068, 0.994802917879841, 1.0, 1.0, 0.9891518737672584, 0.995063142255788, 0.9899919289749798, 0.9999895286861643])
precision_testing = 0.930555555556, recall_testing = 0.789671717172, fscore_testing = 0.843711484594
precision_training = 0.99756097561, recall_training = 0.976986055967, fscore_training = 0.987004263645
************************************
################Results###################
('model_architecture:', 'xgb2')
Mode: p
Average: AUPR: 0.9244886124077281
Average: AUC: 0.9806164018114842
Average: precision = 0.923075396825, recall = 0.785441919192, fscore = 0.838096829641 
('Average: G_mean = ', 0.8805916858818765)
---------GENERATE_FOLD_p_22-----------------------------------------------
-------------------------------------------------THIS SEED FINISHED----------------------------------
************results : one_mode + one_seed + one_layer + one_parameter************
Avg_AUPR_training = 0.9868,Avg_AUPR_testing = 0.9264,Avg_AUC_training = 0.9936,Avg_AUC_testing = 0.9753
('folds_AUPR_testing:', [0.7891557130862803, 0.9784722222222222, 1.0, 0.9882716049382716, 0.9613695638511814, 0.8640911603598169, 0.9882716049382716, 0.9185606060606061, 0.8043578203639179, 0.9709595959595958])
('folds_AUPR_training:', [0.9999999999999998, 0.9905311928617011, 0.9984212085584148, 0.965293186779915, 0.9761998583308062, 0.9689809114800848, 0.9790862021032156, 0.998700528899738, 0.9999999999999999, 0.9906838777841411])
('folds_AUC_testing:', [0.9326990838618746, 0.9973958333333334, 1.0, 0.9991518235793044, 0.9954427083333334, 0.8905852417302799, 0.9991518235793044, 0.9867424242424242, 0.9539800995024875, 0.9975308641975308])
('folds_AUC_training:', [1.0, 0.9950815064643058, 0.99988025744649, 0.9797960823601849, 0.9876389069053487, 0.9858697807415755, 0.9921991588658255, 0.9999071437414881, 1.0, 0.9952617304893245])
precision_testing = 0.87876984127, recall_testing = 0.83648989899, fscore_testing = 0.849058408202
precision_training = 1.0, recall_training = 0.954318085514, fscore_training = 0.97623562233
************************************
################Results###################
('model_architecture:', 'xgb2')
Mode: p
Average: AUPR: 0.925109404664491
Average: AUC: 0.9788335979529853
Average: precision = 0.908306878307, recall = 0.802457912458, fscore = 0.841750689161 
('Average: G_mean = ', 0.8897543638088254)
---------GENERATE_FOLD_p_1812-----------------------------------------------
-------------------------------------------------THIS SEED FINISHED----------------------------------
************results : one_mode + one_seed + one_layer + one_parameter************
Avg_AUPR_training = 0.9768,Avg_AUPR_testing = 0.9293,Avg_AUC_training = 0.9883,Avg_AUC_testing = 0.9758
('folds_AUPR_testing:', [0.8354633879301285, 1.0, 0.9633333333333334, 0.8956577595066806, 0.907822481251291, 0.937280701754386, 0.9148122211847702, 0.9153454184704185, 1.0, 0.923206937095826])
('folds_AUPR_training:', [0.9890641581367023, 0.9894829583966878, 0.9997994652406414, 0.8976514041746173, 0.9787811096570862, 0.9655070500064988, 0.9953213716561762, 0.9844074911633688, 0.9895884176180759, 0.9784128223866474])
('folds_AUC_testing:', [0.9556025369978859, 1.0, 0.9985185185185186, 0.8888888888888888, 0.9547526041666666, 0.9906700593723493, 0.9906700593723495, 0.9943181818181819, 1.0, 0.9843621399176955])
('folds_AUC_training:', [0.9928697324146772, 0.994168071950534, 0.9999850321808111, 0.9465524978345491, 0.9878172698577419, 0.988682257913027, 0.9995982175469355, 0.9917357929924477, 0.9937046004842615, 0.9875705504769684])
precision_testing = 0.931226551227, recall_testing = 0.833282828283, fscore_testing = 0.874999508164
precision_training = 0.998717948718, recall_training = 0.91730316903, fscore_training = 0.954958634689
************************************
################Results###################
('model_architecture:', 'xgb2')
Mode: p
Average: AUPR: 0.926155109511539
Average: AUC: 0.9780697731910525
Average: precision = 0.914036796537, recall = 0.810164141414, fscore = 0.850062893912 
('Average: G_mean = ', 0.8946390122925703)
---------GENERATE_FOLD_p_4659-----------------------------------------------
-------------------------------------------------THIS SEED FINISHED----------------------------------
************results : one_mode + one_seed + one_layer + one_parameter************
Avg_AUPR_training = 0.9837,Avg_AUPR_testing = 0.9025,Avg_AUC_training = 0.9916,Avg_AUC_testing = 0.9661
('folds_AUPR_testing:', [0.847667748917749, 0.9058716168091168, 0.7041322314049587, 0.9179292929292929, 0.8886901499622547, 1.0, 0.9398960363872646, 0.8918560606060606, 0.9409722222222222, 0.9882716049382716])
('folds_AUPR_training:', [0.9992897063829448, 0.9884758403415862, 0.9734131876428878, 0.9897272217361477, 0.9894985079450329, 0.9898979856671117, 0.9842486929518409, 0.9651330697190986, 0.9994631185807656, 0.9580695649310946])
('folds_AUC_testing:', [0.9696969696969697, 0.9850260416666666, 0.8251851851851852, 0.9796437659033079, 0.9251302083333334, 1.0, 0.991518235793045, 0.9895833333333333, 0.9962686567164178, 0.9991769547325102])
('folds_AUC_training:', [0.9999519307803236, 0.9938545855493579, 0.9865588983685079, 0.9940828402366864, 0.9941356423228263, 0.9943541738413534, 0.9914373375911837, 0.981531921918204, 0.9999596448748991, 0.9806228337469503])
precision_testing = 0.886984126984, recall_testing = 0.813838383838, fscore_testing = 0.843345215156
precision_training = 0.9975, recall_training = 0.956785031757, fscore_training = 0.97612719341
************************************
################Results###################
('model_architecture:', 'xgb2')
Mode: p
Average: AUPR: 0.921429826892775
Average: AUC: 0.9756804055800572
Average: precision = 0.908626262626, recall = 0.810898989899, fscore = 0.848719358161 
('Average: G_mean = ', 0.8953327041623903)
seed_results: 
('Avg_AUPR_training:', 0.9845304187451485)
('Avg_AUPR:', 0.9161953670913519)
('folds_AUPR:', [0.7118783362687984, 0.9712121212121213, 0.9196428571428572, 0.9539682539682541, 0.9379298841255364, 0.8198475469667508, 1.0, 0.8981140010351967, 0.9742063492063491, 0.9751543209876543])
('Avg_AUC_training:', 0.9920189987572525)
('Avg_AUC:', 0.9748375958409969)
('folds_AUC:', [0.8914728682170543, 0.9967447916666666, 0.9955555555555556, 0.9949109414758269, 0.9908854166666667, 0.8977947413061917, 1.0, 0.9839015151515151, 0.9987562189054726, 0.9983539094650206])
precision_testing = 0.915595238095, recall_testing = 0.781212121212, fscore_testing = 0.832482174688
precision_training = 0.997481786506, recall_training = 0.958072613661, fscore_training = 0.976643686297
('G_mean = ', [0.7356807837947246, 0.9128709291752769, 0.7745966692414834, 0.9428090415820634, 0.8626358588651413, 0.8785445593895106, 0.9428090415820634, 0.8627387680046503, 0.988742605685882, 0.8819171036881969])

###########################################
seed_results: 
('Avg_AUPR_training:', 0.9873003679906628)
('Avg_AUPR:', 0.9327818577241043)
('folds_AUPR:', [0.9738062442607898, 0.9193199502023031, 0.9196428571428572, 1.0, 0.9297270955165693, 1.0, 0.9398960363872645, 0.8046961966604824, 0.9248015873015873, 0.9159286097691896])
('Avg_AUC_training:', 0.9933767473350203)
('Avg_AUC:', 0.9863952077819717)
('folds_AUC:', [0.9978858350951374, 0.9654947916666666, 0.9955555555555555, 1.0, 0.9895833333333334, 1.0, 0.991518235793045, 0.940814393939394, 0.996268656716418, 0.9868312757201647])
precision_testing = 0.930555555556, recall_testing = 0.789671717172, fscore_testing = 0.843711484594
precision_training = 0.99756097561, recall_training = 0.976986055967, fscore_training = 0.987004263645
('G_mean = ', [0.8494909971230382, 0.816496580927726, 0.7745966692414834, 0.9428090415820634, 0.9057110466368399, 1.0, 0.9428090415820634, 0.7875691407839387, 0.9925092578236596, 0.816496580927726])

###########################################
seed_results: 
('Avg_AUPR_training:', 0.9867896966798015)
('Avg_AUPR:', 0.9263509891780164)
('folds_AUPR:', [0.7891557130862803, 0.9784722222222222, 1.0, 0.9882716049382716, 0.9613695638511814, 0.8640911603598169, 0.9882716049382716, 0.9185606060606061, 0.8043578203639179, 0.9709595959595958])
('Avg_AUC_training:', 0.9935634567014544)
('Avg_AUC:', 0.9752679902359873)
('folds_AUC:', [0.9326990838618746, 0.9973958333333334, 1.0, 0.9991518235793044, 0.9954427083333334, 0.8905852417302799, 0.9991518235793044, 0.9867424242424242, 0.9539800995024875, 0.9975308641975308])
precision_testing = 0.87876984127, recall_testing = 0.83648989899, fscore_testing = 0.849058408202
precision_training = 1.0, recall_training = 0.954318085514, fscore_training = 0.97623562233
('G_mean = ', [0.7356807837947246, 0.9574271077563381, 0.9925649526278797, 0.9428090415820634, 0.9461407356554661, 0.8819171036881969, 0.939203640071377, 0.9318643743169991, 0.8103804155521329, 0.9428090415820634])

###########################################
seed_results: 
('Avg_AUPR_training:', 0.9768016248436503)
('Avg_AUPR:', 0.9292922240526833)
('folds_AUPR:', [0.8354633879301285, 1.0, 0.9633333333333334, 0.8956577595066806, 0.907822481251291, 0.937280701754386, 0.9148122211847702, 0.9153454184704185, 1.0, 0.923206937095826])
('Avg_AUC_training:', 0.9882684023651953)
('Avg_AUC:', 0.9757782989052537)
('folds_AUC:', [0.9556025369978859, 1.0, 0.9985185185185186, 0.8888888888888888, 0.9547526041666666, 0.9906700593723493, 0.9906700593723495, 0.9943181818181819, 1.0, 0.9843621399176955])
precision_testing = 0.931226551227, recall_testing = 0.833282828283, fscore_testing = 0.874999508164
precision_training = 0.998717948718, recall_training = 0.91730316903, fscore_training = 0.954958634689
('G_mean = ', [0.8494909971230382, 1.0, 0.8911083402561522, 0.9428090415820634, 0.9092980351164665, 0.9428090415820634, 0.816496580927726, 0.8627387680046503, 0.9962616691576746, 0.8819171036881969])

###########################################
seed_results: 
('Avg_AUPR_training:', 0.9837216895898511)
('Avg_AUPR:', 0.9025286964177189)
('folds_AUPR:', [0.847667748917749, 0.9058716168091168, 0.7041322314049587, 0.9179292929292929, 0.8886901499622547, 1.0, 0.9398960363872646, 0.8918560606060606, 0.9409722222222222, 0.9882716049382716])
('Avg_AUC_training:', 0.9916489809230293)
('Avg_AUC:', 0.9661229351360768)
('folds_AUC:', [0.9696969696969697, 0.9850260416666666, 0.8251851851851852, 0.9796437659033079, 0.9251302083333334, 1.0, 0.991518235793045, 0.9895833333333333, 0.9962686567164178, 0.9991769547325102])
precision_testing = 0.886984126984, recall_testing = 0.813838383838, fscore_testing = 0.843345215156
precision_training = 0.9975, recall_training = 0.956785031757, fscore_training = 0.97612719341
('G_mean = ', [0.8494909971230382, 0.8660254037844386, 0.8911083402561522, 0.8819171036881969, 0.9128709291752769, 1.0, 0.935584344758804, 0.856127645538062, 0.9060328484045486, 0.8819171036881969])

###########################################
################Results###################
('model_architecture:', 'xgb2')
Mode: ['p']
Average AUPR: [0.921429826892775]
Average AUC: [0.9756804055800572]
Average precision = [0.9086262626262627] 
Average recall = [0.8108989898989897] 
Average f1score = [0.8487193581608711] 
Average recall_25 = [0.8474372294372295] 
Average recall_50 = [0.8330533910533912] 
('Average G_mean = ,', [0.8953327041623903])
###########################################
mean_fp = 7.4, mean_fn = 17.2, mean_tp = 72.8, mean_tn = 1306.6
micro_precision = 0.907730673317, micro_recall = 0.808888888889, micro_fscore = 0.855464159812
('DTI_CDF_new_pair: ', ['D05341,hsa3174', 'D01441,hsa6095', 'D00506,hsa9970', 'D00585,hsa2908', 'D00730,hsa8856', 'D00066,hsa5241', 'D02367,hsa2099', 'D01132,hsa6257', 'D00585,hsa4306', 'D00094,hsa190', 'D00348,hsa5914', 'D01132,hsa6096', 'D00316,hsa6257', 'D00930,hsa7421', 'D00163,hsa9971', 'D00577,hsa2101', 'D00067,hsa2099', 'D00577,hsa2104', 'D00585,hsa367', 'D00094,hsa6097', 'D00565,hsa5465', 'D04066,hsa2100', 'D00327,hsa367', 'D00279,hsa5465', 'D00577,hsa2103', 'D00316,hsa6258', 'D00954,hsa2099', 'D00299,hsa7421', 'D01161,hsa2100', 'D01132,hsa5915', 'D00094,hsa6096', 'D00443,hsa4306', 'D00327,hsa2099', 'D00585,hsa5241', 'D00105,hsa2100', 'D00094,hsa5914', 'D00040,hsa6095', 'D01132,hsa6256', 'D00954,hsa5241', 'D00962,hsa2099', 'D00577,hsa2100', 'D01132,hsa6258'])
Time = 287.769999981
