('model_architecture:', 'rfxgb2rf')
---------GENERATE_FOLD-----------------------------------------------
7771
-------------------------------------------------THIS SEED FINISHED----------------------------------
                 parameter  Avg_AUPR
0    [rfxgb2rf, 0.001, 50]  0.959570
1   [rfxgb2rf, 0.001, 150]  0.960154
2   [rfxgb2rf, 0.001, 250]  0.961983
3   [rfxgb2rf, 0.001, 500]  0.969888
4     [rfxgb2rf, 0.01, 50]  0.959570
5    [rfxgb2rf, 0.01, 150]  0.960154
6    [rfxgb2rf, 0.01, 250]  0.961983
7    [rfxgb2rf, 0.01, 500]  0.969888
8      [rfxgb2rf, 0.1, 50]  0.959570
9     [rfxgb2rf, 0.1, 150]  0.960154
10    [rfxgb2rf, 0.1, 250]  0.961983
11    [rfxgb2rf, 0.1, 500]  0.969888
('best_parameter_idx : ', 3)
('best_parameter_result : ', parameter    [rfxgb2rf, 0.001, 500]
Avg_AUPR                   0.969888
Name: 3, dtype: object)
0.9698877890827984
---------GENERATE_FOLD-----------------------------------------------
8367
-------------------------------------------------THIS SEED FINISHED----------------------------------
                 parameter  Avg_AUPR
0    [rfxgb2rf, 0.001, 50]  0.930289
1   [rfxgb2rf, 0.001, 150]  0.929425
2   [rfxgb2rf, 0.001, 250]  0.928300
3   [rfxgb2rf, 0.001, 500]  0.941374
4     [rfxgb2rf, 0.01, 50]  0.930289
5    [rfxgb2rf, 0.01, 150]  0.929425
6    [rfxgb2rf, 0.01, 250]  0.928300
7    [rfxgb2rf, 0.01, 500]  0.941374
8      [rfxgb2rf, 0.1, 50]  0.930289
9     [rfxgb2rf, 0.1, 150]  0.929425
10    [rfxgb2rf, 0.1, 250]  0.928300
11    [rfxgb2rf, 0.1, 500]  0.941374
('best_parameter_idx : ', 3)
('best_parameter_result : ', parameter    [rfxgb2rf, 0.001, 500]
Avg_AUPR                   0.941374
Name: 3, dtype: object)
0.9413742147837858
---------GENERATE_FOLD-----------------------------------------------
22
-------------------------------------------------THIS SEED FINISHED----------------------------------
                 parameter  Avg_AUPR
0    [rfxgb2rf, 0.001, 50]  0.930806
1   [rfxgb2rf, 0.001, 150]  0.929555
2   [rfxgb2rf, 0.001, 250]  0.929658
3   [rfxgb2rf, 0.001, 500]  0.951051
4     [rfxgb2rf, 0.01, 50]  0.930806
5    [rfxgb2rf, 0.01, 150]  0.929555
6    [rfxgb2rf, 0.01, 250]  0.929658
7    [rfxgb2rf, 0.01, 500]  0.951051
8      [rfxgb2rf, 0.1, 50]  0.930806
9     [rfxgb2rf, 0.1, 150]  0.929555
10    [rfxgb2rf, 0.1, 250]  0.929658
11    [rfxgb2rf, 0.1, 500]  0.951051
('best_parameter_idx : ', 3)
('best_parameter_result : ', parameter    [rfxgb2rf, 0.001, 500]
Avg_AUPR                   0.951051
Name: 3, dtype: object)
0.9510505935103986
---------GENERATE_FOLD-----------------------------------------------
1812
-------------------------------------------------THIS SEED FINISHED----------------------------------
                 parameter  Avg_AUPR
0    [rfxgb2rf, 0.001, 50]  0.965441
1   [rfxgb2rf, 0.001, 150]  0.965244
2   [rfxgb2rf, 0.001, 250]  0.965899
3   [rfxgb2rf, 0.001, 500]  0.973477
4     [rfxgb2rf, 0.01, 50]  0.965441
5    [rfxgb2rf, 0.01, 150]  0.965244
6    [rfxgb2rf, 0.01, 250]  0.965899
7    [rfxgb2rf, 0.01, 500]  0.973477
8      [rfxgb2rf, 0.1, 50]  0.965441
9     [rfxgb2rf, 0.1, 150]  0.965244
10    [rfxgb2rf, 0.1, 250]  0.965899
11    [rfxgb2rf, 0.1, 500]  0.973477
('best_parameter_idx : ', 3)
('best_parameter_result : ', parameter    [rfxgb2rf, 0.001, 500]
Avg_AUPR                   0.973477
Name: 3, dtype: object)
0.9734765604187355
---------GENERATE_FOLD-----------------------------------------------
4659
-------------------------------------------------THIS SEED FINISHED----------------------------------
                 parameter  Avg_AUPR
0    [rfxgb2rf, 0.001, 50]  0.969229
1   [rfxgb2rf, 0.001, 150]  0.967851
2   [rfxgb2rf, 0.001, 250]  0.966999
3   [rfxgb2rf, 0.001, 500]  0.966303
4     [rfxgb2rf, 0.01, 50]  0.969229
5    [rfxgb2rf, 0.01, 150]  0.967851
6    [rfxgb2rf, 0.01, 250]  0.966999
7    [rfxgb2rf, 0.01, 500]  0.966303
8      [rfxgb2rf, 0.1, 50]  0.969229
9     [rfxgb2rf, 0.1, 150]  0.967851
10    [rfxgb2rf, 0.1, 250]  0.966999
11    [rfxgb2rf, 0.1, 500]  0.966303
('best_parameter_idx : ', 0)
('best_parameter_result : ', parameter    [rfxgb2rf, 0.001, 50]
Avg_AUPR                  0.969229
Name: 0, dtype: object)
0.9692287904818307
################Results###################
('model_architecture:', 'rfxgb2rf')
Mode: p
Average AUPR: 0.9610035896555099
Average AUC: [0.979879131496244]
seed_results: 
('Avg_AUPR_training:', 9.980493172143984)
('Avg_AUPR:', 0.9698877890827984)
('folds_AUPR:', [0.9945746527777778, 0.9898574561403508, 1.0, 1.0, 1.0, 1.0, 0.9164682539682539, 0.9308700209643607, 0.9196204461298565, 0.9474870608473847])
('Avg_AUC_training:', 9.990563011957892)
('Avg_AUC:', 0.9872006134509489)
('folds_AUC:', [0.9992439516129032, 0.9984879032258065, 1.0, 1.0, 1.0, 1.0, 0.9524134790528234, 0.9609375, 0.9761904761904763, 0.9847328244274809])

seed_results: 
('Avg_AUPR_training:', 9.9697446711594)
('Avg_AUPR:', 0.9413742147837858)
('folds_AUPR:', [1.0, 0.8729298941798942, 0.9470899470899471, 1.0, 1.0, 0.7805880441845354, 0.9679271708683473, 0.9185797353168834, 1.0, 0.9266273561982518])
('Avg_AUC_training:', 9.986535517514346)
('Avg_AUC:', 0.9675819475361532)
('folds_AUC:', [1.0, 0.9002666666666667, 0.9773242630385488, 1.0, 1.0, 0.8956743002544528, 0.9845333333333333, 0.9713718820861676, 1.0, 0.9466490299823631])

seed_results: 
('Avg_AUPR_training:', 9.966661935296116)
('Avg_AUPR:', 0.9510505935103986)
('folds_AUPR:', [0.9533333333333334, 0.9517416815210933, 1.0, 0.9654761904761905, 0.9307692307692308, 0.9523999763257576, 0.9397435897435897, 0.887643784786642, 1.0, 0.9293981481481483])
('Avg_AUC_training:', 9.983934370970834)
('Avg_AUC:', 0.9741817072972688)
('folds_AUC:', [0.9803846153846153, 0.9700100806451613, 1.0, 0.9811197916666666, 0.9625, 0.9750504032258065, 0.9715324046032707, 0.9584214235377027, 1.0, 0.942798353909465])

seed_results: 
('Avg_AUPR_training:', 9.98591393371689)
('Avg_AUPR:', 0.9734765604187355)
('folds_AUPR:', [0.9456341747225205, 1.0, 1.0, 0.9703683035714286, 1.0, 0.9592592592592593, 0.9979166666666667, 1.0, 0.9148339532142349, 0.9467532467532468])
('Avg_AUC_training:', 9.99423053351925)
('Avg_AUC:', 0.9843076525890042)
('folds_AUC:', [0.9756235827664399, 1.0, 1.0, 0.9684979838709677, 1.0, 0.9830769230769231, 0.9997333333333334, 1.0, 0.9373333333333334, 0.9788113695090439])

seed_results: 
('Avg_AUPR_training:', 9.97107251868792)
('Avg_AUPR:', 0.9692287904818307)
('folds_AUPR:', [1.0, 0.9432357765691097, 0.9911464585834333, 1.0, 0.8646449096880131, 0.9999999999999998, 1.0, 0.956842320261438, 1.0, 0.9364184397163121])
('Avg_AUC_training:', 9.985669336962602)
('Avg_AUC:', 0.9861237366078445)
('folds_AUC:', [1.0, 0.973046638400969, 0.9988662131519273, 1.0, 0.938508064516129, 1.0, 1.0, 0.9741750358680057, 1.0, 0.9766414141414141])

###########################################
---------GENERATE_FOLD-----------------------------------------------
7771
-------------------------------------------------THIS SEED FINISHED----------------------------------
                 parameter  Avg_AUPR
0    [rfxgb2rf, 0.001, 50]  0.723496
1   [rfxgb2rf, 0.001, 150]  0.706842
2   [rfxgb2rf, 0.001, 250]  0.702247
3   [rfxgb2rf, 0.001, 500]  0.715868
4     [rfxgb2rf, 0.01, 50]  0.723496
5    [rfxgb2rf, 0.01, 150]  0.706842
6    [rfxgb2rf, 0.01, 250]  0.702247
7    [rfxgb2rf, 0.01, 500]  0.715868
8      [rfxgb2rf, 0.1, 50]  0.723496
9     [rfxgb2rf, 0.1, 150]  0.706842
10    [rfxgb2rf, 0.1, 250]  0.702247
11    [rfxgb2rf, 0.1, 500]  0.715868
('best_parameter_idx : ', 0)
('best_parameter_result : ', parameter    [rfxgb2rf, 0.001, 50]
Avg_AUPR                  0.723496
Name: 0, dtype: object)
0.7234964239772875
---------GENERATE_FOLD-----------------------------------------------
8367
-------------------------------------------------THIS SEED FINISHED----------------------------------
                 parameter  Avg_AUPR
0    [rfxgb2rf, 0.001, 50]  0.758766
1   [rfxgb2rf, 0.001, 150]  0.760685
2   [rfxgb2rf, 0.001, 250]  0.757893
3   [rfxgb2rf, 0.001, 500]  0.782646
4     [rfxgb2rf, 0.01, 50]  0.758766
5    [rfxgb2rf, 0.01, 150]  0.760685
6    [rfxgb2rf, 0.01, 250]  0.757893
7    [rfxgb2rf, 0.01, 500]  0.782646
8      [rfxgb2rf, 0.1, 50]  0.758766
9     [rfxgb2rf, 0.1, 150]  0.760685
10    [rfxgb2rf, 0.1, 250]  0.757893
11    [rfxgb2rf, 0.1, 500]  0.782646
('best_parameter_idx : ', 3)
('best_parameter_result : ', parameter    [rfxgb2rf, 0.001, 500]
Avg_AUPR                   0.782646
Name: 3, dtype: object)
0.7826463530778943
---------GENERATE_FOLD-----------------------------------------------
22
-------------------------------------------------THIS SEED FINISHED----------------------------------
                 parameter  Avg_AUPR
0    [rfxgb2rf, 0.001, 50]  0.739746
1   [rfxgb2rf, 0.001, 150]  0.738188
2   [rfxgb2rf, 0.001, 250]  0.745600
3   [rfxgb2rf, 0.001, 500]  0.766669
4     [rfxgb2rf, 0.01, 50]  0.739746
5    [rfxgb2rf, 0.01, 150]  0.738188
6    [rfxgb2rf, 0.01, 250]  0.745600
7    [rfxgb2rf, 0.01, 500]  0.766669
8      [rfxgb2rf, 0.1, 50]  0.739746
9     [rfxgb2rf, 0.1, 150]  0.738188
10    [rfxgb2rf, 0.1, 250]  0.745600
11    [rfxgb2rf, 0.1, 500]  0.766669
('best_parameter_idx : ', 3)
('best_parameter_result : ', parameter    [rfxgb2rf, 0.001, 500]
Avg_AUPR                   0.766669
Name: 3, dtype: object)
0.766668921486745
---------GENERATE_FOLD-----------------------------------------------
1812
-------------------------------------------------THIS SEED FINISHED----------------------------------
                 parameter  Avg_AUPR
0    [rfxgb2rf, 0.001, 50]  0.706065
1   [rfxgb2rf, 0.001, 150]  0.702588
2   [rfxgb2rf, 0.001, 250]  0.694183
3   [rfxgb2rf, 0.001, 500]  0.758114
4     [rfxgb2rf, 0.01, 50]  0.706065
5    [rfxgb2rf, 0.01, 150]  0.702588
6    [rfxgb2rf, 0.01, 250]  0.694183
7    [rfxgb2rf, 0.01, 500]  0.758114
8      [rfxgb2rf, 0.1, 50]  0.706065
9     [rfxgb2rf, 0.1, 150]  0.702588
10    [rfxgb2rf, 0.1, 250]  0.694183
11    [rfxgb2rf, 0.1, 500]  0.758114
('best_parameter_idx : ', 3)
('best_parameter_result : ', parameter    [rfxgb2rf, 0.001, 500]
Avg_AUPR                   0.758114
Name: 3, dtype: object)
0.7581141745355955
---------GENERATE_FOLD-----------------------------------------------
4659
-------------------------------------------------THIS SEED FINISHED----------------------------------
                 parameter  Avg_AUPR
0    [rfxgb2rf, 0.001, 50]  0.732828
1   [rfxgb2rf, 0.001, 150]  0.728086
2   [rfxgb2rf, 0.001, 250]  0.729897
3   [rfxgb2rf, 0.001, 500]  0.755262
4     [rfxgb2rf, 0.01, 50]  0.732828
5    [rfxgb2rf, 0.01, 150]  0.728086
6    [rfxgb2rf, 0.01, 250]  0.729897
7    [rfxgb2rf, 0.01, 500]  0.755262
8      [rfxgb2rf, 0.1, 50]  0.732828
9     [rfxgb2rf, 0.1, 150]  0.728086
10    [rfxgb2rf, 0.1, 250]  0.729897
11    [rfxgb2rf, 0.1, 500]  0.755262
('best_parameter_idx : ', 3)
('best_parameter_result : ', parameter    [rfxgb2rf, 0.001, 500]
Avg_AUPR                   0.755262
Name: 3, dtype: object)
0.7552617595700765
################Results###################
('model_architecture:', 'rfxgb2rf')
Mode: D
Average AUPR: 0.7572375265295199
Average AUC: [0.886438121140752]
seed_results: 
('Avg_AUPR_training:', 9.652322814998756)
('Avg_AUPR:', 0.7234964239772875)
('folds_AUPR:', [0.767526366607249, 0.9542601495726496, 0.5121101138396484, 1.0, 0.9042070427838217, 0.6052188552188552, 0.2854136429608128, 0.722999222999223, 0.7141124734777986, 0.7691163723128165])
('Avg_AUC_training:', 9.816263154205945)
('Avg_AUC:', 0.8682988408308374)
('folds_AUC:', [0.8693502824858759, 0.9959016393442622, 0.7842269651223321, 0.9999999999999999, 0.9536271808999081, 0.8235294117647058, 0.6311020710059172, 0.8824609733700642, 0.8739406779661016, 0.8688492063492064])

seed_results: 
('Avg_AUPR_training:', 9.77332195632113)
('Avg_AUPR:', 0.7826463530778943)
('folds_AUPR:', [0.5332083614060358, 1.0, 0.7523809523809524, 0.7169282106782106, 0.7510496922261627, 0.6692508024973061, 0.8129870129870129, 1.0, 0.9255952380952381, 0.6650632605080237])
('Avg_AUC_training:', 9.874374760764788)
('Avg_AUC:', 0.8950531797065058)
('folds_AUC:', [0.8291666666666666, 1.0, 0.9905913978494624, 0.7979691876750701, 0.8382642998027613, 0.8333333333333334, 0.9032258064516129, 1.0, 0.9344692005242464, 0.8235119047619048])

seed_results: 
('Avg_AUPR_training:', 9.766243142587129)
('Avg_AUPR:', 0.766668921486745)
('folds_AUPR:', [0.6981269530810925, 0.8473527867913722, 0.7661251154613986, 0.8993277659322435, 0.6436150434528551, 0.886634199134199, 0.66504329004329, 1.0, 0.737675980718794, 0.5227880802522051])
('Avg_AUC_training:', 9.87173002200911)
('Avg_AUC:', 0.899057410539052)
('folds_AUC:', [0.8757440476190477, 0.9253780407626562, 0.8953168044077134, 0.9667008196721312, 0.7935798455912231, 0.945993031358885, 0.8495762711864407, 1.0, 0.9361799816345271, 0.8021052631578948])

seed_results: 
('Avg_AUPR_training:', 9.75255453048317)
('Avg_AUPR:', 0.7581141745355955)
('folds_AUPR:', [0.7499020723577651, 0.8201058201058201, 0.7738366230953831, 0.6529166666666667, 0.9098144286905755, 0.727155172413793, 0.8723373440285205, 0.970952380952381, 0.40667632267579246, 0.6974449143692565])
('Avg_AUC_training:', 9.865019470926223)
('Avg_AUC:', 0.8872792660439538)
('folds_AUC:', [0.8694581280788177, 0.898989898989899, 0.9224137931034484, 0.8659539473684211, 0.9437499999999999, 0.865, 0.9126683501683502, 0.9812192118226601, 0.728448275862069, 0.8848910550458717])

seed_results: 
('Avg_AUPR_training:', 9.731242671677405)
('Avg_AUPR:', 0.7552617595700765)
('folds_AUPR:', [0.7157360633357246, 0.9196976301095294, 0.8849674570852205, 0.7896804609743321, 0.9447651114317781, 0.8032828282828283, 0.5272738095238095, 0.43046988143687326, 0.8230902262152262, 0.7136541273054431])
('Avg_AUC_training:', 9.853755494234344)
('Avg_AUC:', 0.8825019085834109)
('folds_AUC:', [0.8545197740112994, 0.9530678585940674, 0.9313423645320198, 0.851279967492889, 0.9683195592286502, 0.904507257448434, 0.8144000000000001, 0.7913135593220338, 0.896186440677966, 0.8600823045267489])

###########################################
---------GENERATE_FOLD-----------------------------------------------
7771
-------------------------------------------------THIS SEED FINISHED----------------------------------
                 parameter  Avg_AUPR
0    [rfxgb2rf, 0.001, 50]  0.802073
1   [rfxgb2rf, 0.001, 150]  0.792475
2   [rfxgb2rf, 0.001, 250]  0.795587
3   [rfxgb2rf, 0.001, 500]  0.813839
4     [rfxgb2rf, 0.01, 50]  0.802073
5    [rfxgb2rf, 0.01, 150]  0.792475
6    [rfxgb2rf, 0.01, 250]  0.795587
7    [rfxgb2rf, 0.01, 500]  0.813839
8      [rfxgb2rf, 0.1, 50]  0.802073
9     [rfxgb2rf, 0.1, 150]  0.792475
10    [rfxgb2rf, 0.1, 250]  0.795587
11    [rfxgb2rf, 0.1, 500]  0.813839
('best_parameter_idx : ', 3)
('best_parameter_result : ', parameter    [rfxgb2rf, 0.001, 500]
Avg_AUPR                   0.813839
Name: 3, dtype: object)
0.8138393465262453
---------GENERATE_FOLD-----------------------------------------------
8367
-------------------------------------------------THIS SEED FINISHED----------------------------------
                 parameter  Avg_AUPR
0    [rfxgb2rf, 0.001, 50]  0.842762
1   [rfxgb2rf, 0.001, 150]  0.840851
2   [rfxgb2rf, 0.001, 250]  0.834409
3   [rfxgb2rf, 0.001, 500]  0.865090
4     [rfxgb2rf, 0.01, 50]  0.842762
5    [rfxgb2rf, 0.01, 150]  0.840851
6    [rfxgb2rf, 0.01, 250]  0.834409
7    [rfxgb2rf, 0.01, 500]  0.865090
8      [rfxgb2rf, 0.1, 50]  0.842762
9     [rfxgb2rf, 0.1, 150]  0.840851
10    [rfxgb2rf, 0.1, 250]  0.834409
11    [rfxgb2rf, 0.1, 500]  0.865090
('best_parameter_idx : ', 3)
('best_parameter_result : ', parameter    [rfxgb2rf, 0.001, 500]
Avg_AUPR                    0.86509
Name: 3, dtype: object)
0.8650904511996034
---------GENERATE_FOLD-----------------------------------------------
22
-------------------------------------------------THIS SEED FINISHED----------------------------------
                 parameter  Avg_AUPR
0    [rfxgb2rf, 0.001, 50]  0.844247
1   [rfxgb2rf, 0.001, 150]  0.838632
2   [rfxgb2rf, 0.001, 250]  0.837267
3   [rfxgb2rf, 0.001, 500]  0.868759
4     [rfxgb2rf, 0.01, 50]  0.844247
5    [rfxgb2rf, 0.01, 150]  0.838632
6    [rfxgb2rf, 0.01, 250]  0.837267
7    [rfxgb2rf, 0.01, 500]  0.868759
8      [rfxgb2rf, 0.1, 50]  0.844247
9     [rfxgb2rf, 0.1, 150]  0.838632
10    [rfxgb2rf, 0.1, 250]  0.837267
11    [rfxgb2rf, 0.1, 500]  0.868759
('best_parameter_idx : ', 3)
('best_parameter_result : ', parameter    [rfxgb2rf, 0.001, 500]
Avg_AUPR                   0.868759
Name: 3, dtype: object)
0.8687585048833025
---------GENERATE_FOLD-----------------------------------------------
1812
-------------------------------------------------THIS SEED FINISHED----------------------------------
                 parameter  Avg_AUPR
0    [rfxgb2rf, 0.001, 50]  0.801985
1   [rfxgb2rf, 0.001, 150]  0.796099
2   [rfxgb2rf, 0.001, 250]  0.792511
3   [rfxgb2rf, 0.001, 500]  0.805307
4     [rfxgb2rf, 0.01, 50]  0.801985
5    [rfxgb2rf, 0.01, 150]  0.796099
6    [rfxgb2rf, 0.01, 250]  0.792511
7    [rfxgb2rf, 0.01, 500]  0.805307
8      [rfxgb2rf, 0.1, 50]  0.801985
9     [rfxgb2rf, 0.1, 150]  0.796099
10    [rfxgb2rf, 0.1, 250]  0.792511
11    [rfxgb2rf, 0.1, 500]  0.805307
('best_parameter_idx : ', 3)
('best_parameter_result : ', parameter    [rfxgb2rf, 0.001, 500]
Avg_AUPR                   0.805307
Name: 3, dtype: object)
0.8053067785819985
---------GENERATE_FOLD-----------------------------------------------
4659
-------------------------------------------------THIS SEED FINISHED----------------------------------
                 parameter  Avg_AUPR
0    [rfxgb2rf, 0.001, 50]  0.793565
1   [rfxgb2rf, 0.001, 150]  0.792751
2   [rfxgb2rf, 0.001, 250]  0.793602
3   [rfxgb2rf, 0.001, 500]  0.818753
4     [rfxgb2rf, 0.01, 50]  0.793565
5    [rfxgb2rf, 0.01, 150]  0.792751
6    [rfxgb2rf, 0.01, 250]  0.793602
7    [rfxgb2rf, 0.01, 500]  0.818753
8      [rfxgb2rf, 0.1, 50]  0.793565
9     [rfxgb2rf, 0.1, 150]  0.792751
10    [rfxgb2rf, 0.1, 250]  0.793602
11    [rfxgb2rf, 0.1, 500]  0.818753
('best_parameter_idx : ', 3)
('best_parameter_result : ', parameter    [rfxgb2rf, 0.001, 500]
Avg_AUPR                   0.818753
Name: 3, dtype: object)
0.8187528560854886
################Results###################
('model_architecture:', 'rfxgb2rf')
Mode: T
Average AUPR: 0.8343495874553277
Average AUC: [0.9065898742391398]
seed_results: 
('Avg_AUPR_training:', 9.685859765315998)
('Avg_AUPR:', 0.8138393465262453)
('folds_AUPR:', [0.8829907956121547, 0.763157894736842, 0.7896560846560847, 0.6646265611782856, 0.8815910299163887, 1.0, 0.8822413541514664, 1.0, 0.7488179669030732, 0.5253117781081581])
('Avg_AUC_training:', 9.818473287067313)
('Avg_AUC:', 0.8839372913223109)
('folds_AUC:', [0.8625, 0.8811881188118812, 0.9104938271604938, 0.7372742200328407, 0.9597000937207123, 1.0, 0.9306930693069307, 1.0, 0.7615039281705949, 0.7960196560196561])

seed_results: 
('Avg_AUPR_training:', 9.703417712686322)
('Avg_AUPR:', 0.8650904511996034)
('folds_AUPR:', [0.9999999999999998, 0.8004201680672269, 0.9999999999999998, 0.7607262302914477, 0.9224137931034482, 0.9139705882352942, 0.764702224219679, 0.9338235294117647, 1.0, 0.5548479786671745])
('Avg_AUC_training:', 9.826282624917345)
('Avg_AUC:', 0.9328500754793438)
('folds_AUC:', [1.0, 0.90625, 1.0, 0.8925035360678926, 0.9338235294117647, 0.8924632352941176, 0.9089068825910931, 0.98875, 1.0, 0.8058035714285714])

seed_results: 
('Avg_AUPR_training:', 9.682126566965227)
('Avg_AUPR:', 0.8687585048833025)
('folds_AUPR:', [0.9136922633871946, 0.8678955453149002, 0.7883777239709443, 1.0, 0.7768817204301075, 1.0, 1.0, 1.0, 0.7907834757834757, 0.5499543199464032])
('Avg_AUC_training:', 9.814997418952373)
('Avg_AUC:', 0.9179137566306139)
('folds_AUC:', [0.9440789473684211, 0.8783592644978784, 0.9, 0.9999999999999999, 0.7882653061224489, 1.0, 1.0, 1.0, 0.8967611336032388, 0.7716729147141519])

seed_results: 
('Avg_AUPR_training:', 9.710145283926508)
('Avg_AUPR:', 0.8053067785819985)
('folds_AUPR:', [1.0, 0.8312087912087912, 1.0, 0.5942028985507246, 0.8581501831501832, 0.9344951923076923, 0.8583459595959595, 0.8749458874458875, 0.6212669920747389, 0.4804518814860087])
('Avg_AUC_training:', 9.83639576522095)
('Avg_AUC:', 0.8984787468120631)
('folds_AUC:', [1.0, 0.8424015009380863, 1.0, 0.7122762148337595, 0.918693009118541, 0.9393750000000001, 0.9857142857142857, 0.9615745079662605, 0.8024691358024691, 0.8222838137472284])

seed_results: 
('Avg_AUPR_training:', 9.697116146541124)
('Avg_AUPR:', 0.8187528560854886)
('folds_AUPR:', [0.9999999999999998, 0.8309901738473168, 1.0, 1.0, 0.8446620583717357, 0.8123358123358124, 0.8445494379038683, 0.4348086124401913, 0.7986842105263159, 0.6214982554296455])
('Avg_AUC_training:', 9.822823545748564)
('Avg_AUC:', 0.8997695009513667)
('folds_AUC:', [1.0, 0.8825987841945289, 1.0, 1.0, 0.9199346405228759, 0.8787878787878787, 0.8775797373358348, 0.8214285714285715, 0.8156626506024096, 0.8017027466415675])

###########################################
################Results###################
('model_architecture:', 'rfxgb2rf')
Mode: ['p', 'D', 'T']
Average AUPR: [0.9610035896555099, 0.7572375265295199, 0.8343495874553277]
Average AUC: [[0.979879131496244], [0.886438121140752], [0.9065898742391398]]
###########################################
('model_architecture:', 'rf1xgb1rf1')
---------GENERATE_FOLD-----------------------------------------------
7771
-------------------------------------------------THIS SEED FINISHED----------------------------------
                   parameter  Avg_AUPR
0    [rf1xgb1rf1, 0.001, 50]  0.787945
1   [rf1xgb1rf1, 0.001, 150]  0.795258
2   [rf1xgb1rf1, 0.001, 250]  0.794702
3   [rf1xgb1rf1, 0.001, 500]  0.789103
4     [rf1xgb1rf1, 0.01, 50]  0.787945
5    [rf1xgb1rf1, 0.01, 150]  0.795258
6    [rf1xgb1rf1, 0.01, 250]  0.794702
7    [rf1xgb1rf1, 0.01, 500]  0.789103
8      [rf1xgb1rf1, 0.1, 50]  0.787945
9     [rf1xgb1rf1, 0.1, 150]  0.795258
10    [rf1xgb1rf1, 0.1, 250]  0.794702
11    [rf1xgb1rf1, 0.1, 500]  0.789103
('best_parameter_idx : ', 1)
('best_parameter_result : ', parameter    [rf1xgb1rf1, 0.001, 150]
Avg_AUPR                     0.795258
Name: 1, dtype: object)
0.7952576395067971
---------GENERATE_FOLD-----------------------------------------------
8367
-------------------------------------------------THIS SEED FINISHED----------------------------------
                   parameter  Avg_AUPR
0    [rf1xgb1rf1, 0.001, 50]  0.836435
1   [rf1xgb1rf1, 0.001, 150]  0.840707
2   [rf1xgb1rf1, 0.001, 250]  0.839282
3   [rf1xgb1rf1, 0.001, 500]  0.848438
4     [rf1xgb1rf1, 0.01, 50]  0.836435
5    [rf1xgb1rf1, 0.01, 150]  0.840707
6    [rf1xgb1rf1, 0.01, 250]  0.839282
7    [rf1xgb1rf1, 0.01, 500]  0.848438
8      [rf1xgb1rf1, 0.1, 50]  0.836435
9     [rf1xgb1rf1, 0.1, 150]  0.840707
10    [rf1xgb1rf1, 0.1, 250]  0.839282
11    [rf1xgb1rf1, 0.1, 500]  0.848438
('best_parameter_idx : ', 3)
('best_parameter_result : ', parameter    [rf1xgb1rf1, 0.001, 500]
Avg_AUPR                     0.848438
Name: 3, dtype: object)
0.8484375879657143
---------GENERATE_FOLD-----------------------------------------------
22
-------------------------------------------------THIS SEED FINISHED----------------------------------
                   parameter  Avg_AUPR
0    [rf1xgb1rf1, 0.001, 50]  0.841848
1   [rf1xgb1rf1, 0.001, 150]  0.842543
2   [rf1xgb1rf1, 0.001, 250]  0.837946
3   [rf1xgb1rf1, 0.001, 500]  0.830742
4     [rf1xgb1rf1, 0.01, 50]  0.841848
5    [rf1xgb1rf1, 0.01, 150]  0.842543
6    [rf1xgb1rf1, 0.01, 250]  0.837946
7    [rf1xgb1rf1, 0.01, 500]  0.830742
8      [rf1xgb1rf1, 0.1, 50]  0.841848
9     [rf1xgb1rf1, 0.1, 150]  0.842543
10    [rf1xgb1rf1, 0.1, 250]  0.837946
11    [rf1xgb1rf1, 0.1, 500]  0.830742
('best_parameter_idx : ', 1)
('best_parameter_result : ', parameter    [rf1xgb1rf1, 0.001, 150]
Avg_AUPR                     0.842543
Name: 1, dtype: object)
0.8425428204437637
---------GENERATE_FOLD-----------------------------------------------
1812
-------------------------------------------------THIS SEED FINISHED----------------------------------
                   parameter  Avg_AUPR
0    [rf1xgb1rf1, 0.001, 50]  0.798757
1   [rf1xgb1rf1, 0.001, 150]  0.797970
2   [rf1xgb1rf1, 0.001, 250]  0.797772
3   [rf1xgb1rf1, 0.001, 500]  0.794177
4     [rf1xgb1rf1, 0.01, 50]  0.798757
5    [rf1xgb1rf1, 0.01, 150]  0.797970
6    [rf1xgb1rf1, 0.01, 250]  0.797772
7    [rf1xgb1rf1, 0.01, 500]  0.794177
8      [rf1xgb1rf1, 0.1, 50]  0.798757
9     [rf1xgb1rf1, 0.1, 150]  0.797970
10    [rf1xgb1rf1, 0.1, 250]  0.797772
11    [rf1xgb1rf1, 0.1, 500]  0.794177
('best_parameter_idx : ', 0)
('best_parameter_result : ', parameter    [rf1xgb1rf1, 0.001, 50]
Avg_AUPR                    0.798757
Name: 0, dtype: object)
0.7987566041918863
---------GENERATE_FOLD-----------------------------------------------
4659
-------------------------------------------------THIS SEED FINISHED----------------------------------
                   parameter  Avg_AUPR
0    [rf1xgb1rf1, 0.001, 50]  0.793792
1   [rf1xgb1rf1, 0.001, 150]  0.795611
2   [rf1xgb1rf1, 0.001, 250]  0.795838
3   [rf1xgb1rf1, 0.001, 500]  0.792498
4     [rf1xgb1rf1, 0.01, 50]  0.793792
5    [rf1xgb1rf1, 0.01, 150]  0.795611
6    [rf1xgb1rf1, 0.01, 250]  0.795838
7    [rf1xgb1rf1, 0.01, 500]  0.792498
8      [rf1xgb1rf1, 0.1, 50]  0.793792
9     [rf1xgb1rf1, 0.1, 150]  0.795611
10    [rf1xgb1rf1, 0.1, 250]  0.795838
11    [rf1xgb1rf1, 0.1, 500]  0.792498
('best_parameter_idx : ', 2)
('best_parameter_result : ', parameter    [rf1xgb1rf1, 0.001, 250]
Avg_AUPR                     0.795838
Name: 2, dtype: object)
0.7958377061539383
################Results###################
('model_architecture:', 'rf1xgb1rf1')
Mode: T
Average AUPR: 0.8161664716524198
Average AUC: [0.8955322802195679]
seed_results: 
('Avg_AUPR_training:', 9.652307764357417)
('Avg_AUPR:', 0.7952576395067971)
('folds_AUPR:', [0.8967468175388967, 0.7700011511453897, 0.6589011075853182, 0.7178339106192448, 0.8216474218619474, 1.0, 0.8822413541514664, 1.0, 0.6556712962962963, 0.5495333358694119])
('Avg_AUC_training:', 9.808816103188505)
('Avg_AUC:', 0.877080911768094)
('folds_AUC:', [0.8696428571428572, 0.8896746817538898, 0.791358024691358, 0.7920087575259989, 0.9418931583880038, 1.0, 0.9306930693069307, 1.0, 0.7502805836139169, 0.8052579852579853])

seed_results: 
('Avg_AUPR_training:', 9.639588985439847)
('Avg_AUPR:', 0.8484375879657143)
('folds_AUPR:', [0.9999999999999998, 0.7985836627140975, 0.9999999999999998, 0.7623782467532467, 0.8614814814814814, 0.8444642857142858, 0.7211076948542066, 0.9338235294117647, 1.0, 0.5625369787280621])
('Avg_AUC_training:', 9.798787236314936)
('Avg_AUC:', 0.9179829150286934)
('folds_AUC:', [1.0, 0.9037499999999999, 1.0, 0.8953323903818953, 0.9125816993464052, 0.8207720588235294, 0.8506072874493927, 0.98875, 1.0, 0.8080357142857143])

seed_results: 
('Avg_AUPR_training:', 9.616510212606611)
('Avg_AUPR:', 0.8425428204437637)
('folds_AUPR:', [0.8777724277708431, 0.8039600720013091, 0.7960164835164836, 1.0, 0.7048872180451128, 1.0, 1.0, 1.0, 0.6835835865841988, 0.5592084165196906])
('Avg_AUC_training:', 9.783376146831673)
('Avg_AUC:', 0.9064472104759677)
('folds_AUC:', [0.9083059210526315, 0.867043847241867, 0.9175, 1.0, 0.7780612244897959, 1.0, 1.0, 1.0, 0.819838056680162, 0.7737230552952201])

seed_results: 
('Avg_AUPR_training:', 9.691787167054938)
('Avg_AUPR:', 0.7987566041918863)
('folds_AUPR:', [1.0, 0.8493589743589743, 1.0, 0.6060087933561309, 0.7718769325912183, 0.9344951923076923, 0.8822653000594176, 0.8304010499734185, 0.6337154805681736, 0.4794443187038375])
('Avg_AUC_training:', 9.830896272833725)
('Avg_AUC:', 0.8895183138006747)
('folds_AUC:', [1.0, 0.8574108818011257, 1.0, 0.7199488491048592, 0.8487841945288754, 0.9393750000000001, 0.9867346938775511, 0.9194001874414246, 0.8294051627384961, 0.7941241685144124])

seed_results: 
('Avg_AUPR_training:', 9.65108822550088)
('Avg_AUPR:', 0.7958377061539383)
('folds_AUPR:', [0.9999999999999998, 0.7661600271077302, 1.0, 1.0, 0.8470098741837873, 0.8160919540229885, 0.8516483516483517, 0.44509803921568625, 0.5969063545150503, 0.6354624608457893])
('Avg_AUC_training:', 9.803900127818494)
('Avg_AUC:', 0.8866320500244089)
('folds_AUC:', [1.0, 0.831306990881459, 1.0, 1.0, 0.9215686274509804, 0.8877665544332211, 0.8818011257035646, 0.8357142857142857, 0.7000000000000001, 0.8081629160605801])

###########################################
################Results###################
('model_architecture:', 'rf1xgb1rf1')
Mode: ['T']
Average AUPR: [0.8161664716524198]
Average AUC: [[0.8955322802195679]]
###########################################
1
5
10
5
108
