nohup: 忽略输入
('mode:', 'D')
('classifier: ', 'RandomForestClassifier()')
---------GENERATE_FOLD-----------------------------------------------
7771
-------------------------------------------------THIS SEED FINISHED----------------------------------
/home/dqw_cyy/anaconda3/envs/py27/lib/python2.7/site-packages/sklearn/ensemble/forest.py:246: FutureWarning: The default value of n_estimators will change from 10 in version 0.20 to 100 in 0.22.
  "10 in version 0.20 to 100 in 0.22.", FutureWarning)
---------GENERATE_FOLD-----------------------------------------------
8367
-------------------------------------------------THIS SEED FINISHED----------------------------------
---------GENERATE_FOLD-----------------------------------------------
22
-------------------------------------------------THIS SEED FINISHED----------------------------------
---------GENERATE_FOLD-----------------------------------------------
1812
-------------------------------------------------THIS SEED FINISHED----------------------------------
---------GENERATE_FOLD-----------------------------------------------
4659
-------------------------------------------------THIS SEED FINISHED----------------------------------
################Results###################
Mode: D
Average AUPR: 0.90023528596802
Average AUC: [0.9533542350570546]
seed_results: 
('Avg_AUPR_training:', 9.896397703945214)
('Avg_AUPR:', 0.895258779823419)
('folds_AUPR:', [0.9560555617111062, 0.871871524468355, 0.9075936784526862, 0.9717115818336866, 0.8693236480246995, 0.7759580385747086, 0.7619147481232267, 0.9911954821494295, 0.9258326635135624, 0.9211308713827299])
('Avg_AUC_training:', 9.99669183896044)
('Avg_AUC:', 0.9477638260276351)
('folds_AUC:', [0.9757637906647808, 0.9267328016598586, 0.9671082666104791, 0.9839190342473295, 0.9291090819348469, 0.8935730917558029, 0.8926675108859861, 0.9996733392567815, 0.9584369305228676, 0.9506544127376175])

seed_results: 
('Avg_AUPR_training:', 9.88455657628967)
('Avg_AUPR:', 0.9043614072553204)
('folds_AUPR:', [0.9228631074883011, 0.8098109156762473, 0.8787648288281554, 0.9124035280447177, 0.8655952140759267, 0.9338659326307474, 0.9821513520210094, 0.9215476790471202, 0.9779982192090935, 0.8386132955318855])
('Avg_AUC_training:', 9.995380783410651)
('Avg_AUC:', 0.9532065847210986)
('folds_AUC:', [0.9582514734774068, 0.9024952847020442, 0.9367557540211499, 0.9526929392446634, 0.9333862696443342, 0.9701195476158218, 0.9994226020892687, 0.9632858773445213, 0.989588833004511, 0.9260672660672661])

seed_results: 
('Avg_AUPR_training:', 9.870826623011629)
('Avg_AUPR:', 0.904103891100523)
('folds_AUPR:', [0.9987644293910278, 0.7931192199730343, 0.8621374735023797, 0.9066102221672908, 0.9404592631464144, 0.928812611451499, 0.8281847767325491, 0.9886335713065726, 0.913281923347426, 0.8810354199870383])
('Avg_AUC_training:', 9.995435596231836)
('Avg_AUC:', 0.9590206638359848)
('folds_AUC:', [0.9999563623669052, 0.8900808652329569, 0.9594585383033594, 0.9479353814828123, 0.9828694527034467, 0.969617133636497, 0.9277265046145847, 0.9996505035337975, 0.9640293342973711, 0.9488825621881167])

seed_results: 
('Avg_AUPR_training:', 9.870448684487931)
('Avg_AUPR:', 0.9045548516242732)
('folds_AUPR:', [0.8965945540860849, 0.8671892396391476, 0.9968853631993903, 0.837960420963438, 0.8827048966907709, 0.9916666434203026, 0.9287161688933435, 0.8634479857165847, 0.9188399124371869, 0.8615433311964831])
('Avg_AUC_training:', 9.995707210407689)
('Avg_AUC:', 0.9567836542043109)
('folds_AUC:', [0.9596360628618694, 0.9190263288623945, 0.9998787313432835, 0.9371506564409203, 0.9453410701560677, 0.9996616648877913, 0.9742243884150343, 0.9310343137254902, 0.9503002528445006, 0.9515830725057555])

seed_results: 
('Avg_AUPR_training:', 9.872712170431438)
('Avg_AUPR:', 0.8928975000365653)
('folds_AUPR:', [0.9180307058242646, 0.8121235193096155, 0.9397566847297807, 0.9086762864385748, 0.9223182045986242, 0.822664247035296, 0.7248952289470141, 0.9779139149720478, 0.9350179172593405, 0.9675782912510964])
('Avg_AUC_training:', 9.996162655602745)
('Avg_AUC:', 0.9499964464962438)
('folds_AUC:', [0.9582796861335147, 0.8988490307627476, 0.9665517542328504, 0.9595608199837089, 0.982376888190551, 0.894221055810708, 0.8913096656172892, 0.9915346462130884, 0.9654161683203342, 0.9918647496976478])

###########################################
('classifier: ', 'xgboost.XGBClassifier()')
---------GENERATE_FOLD-----------------------------------------------
7771
-------------------------------------------------THIS SEED FINISHED----------------------------------
---------GENERATE_FOLD-----------------------------------------------
8367
-------------------------------------------------THIS SEED FINISHED----------------------------------
---------GENERATE_FOLD-----------------------------------------------
22
-------------------------------------------------THIS SEED FINISHED----------------------------------
---------GENERATE_FOLD-----------------------------------------------
1812
-------------------------------------------------THIS SEED FINISHED----------------------------------
---------GENERATE_FOLD-----------------------------------------------
4659
-------------------------------------------------THIS SEED FINISHED----------------------------------
################Results###################
Mode: D
Average AUPR: 0.19321858177079368
Average AUC: [0.7794216352131939]
seed_results: 
('Avg_AUPR_training:', 1.9978278340545874)
('Avg_AUPR:', 0.19654785814551062)
('folds_AUPR:', [0.20469786474432652, 0.16134479649149627, 0.10644841548986977, 0.36221613191238755, 0.13304996815179987, 0.20688471763611124, 0.048125545661895135, 0.14658603279116525, 0.33445525015983557, 0.2616698584162188])
('Avg_AUC_training:', 8.190066225096347)
('Avg_AUC:', 0.7734231569675847)
('folds_AUC:', [0.8417149929278642, 0.7372013968006965, 0.7410231422952661, 0.8177238189626694, 0.7614950950148075, 0.750704904314924, 0.6679552119434817, 0.7824014791198453, 0.8134512804243734, 0.8205602478719182])

seed_results: 
('Avg_AUPR_training:', 1.972536810240782)
('Avg_AUPR:', 0.18098668109760938)
('folds_AUPR:', [0.12836086697531174, 0.11233870140317351, 0.08480604149800593, 0.098503322069975, 0.32821376261538465, 0.252831590697758, 0.34924669932946245, 0.17808121370043567, 0.11222535232068237, 0.16525926036590427])
('Avg_AUC_training:', 8.175508737155644)
('Avg_AUC:', 0.7821102649827848)
('folds_AUC:', [0.803495415848068, 0.7302212366824694, 0.7156202790367013, 0.7707471264367816, 0.7640264681555005, 0.777404661905407, 0.8737169990503324, 0.7776908008390918, 0.810250923944758, 0.797928737928738])

seed_results: 
('Avg_AUPR_training:', 1.954595371949465)
('Avg_AUPR:', 0.19347521907958798)
('folds_AUPR:', [0.38975193048529466, 0.265837454997339, 0.16241746897712067, 0.1793642837050794, 0.16170729059621364, 0.34376400130851525, 0.05360825517738904, 0.055924745889872146, 0.18010754426041073, 0.14226921539864512])
('Avg_AUC_training:', 8.183422718227309)
('Avg_AUC:', 0.7844785247310059)
('folds_AUC:', [0.8636796706813289, 0.7249789283061695, 0.8212812851478624, 0.7713348904060366, 0.8247680596850568, 0.7992900102684466, 0.711270985611295, 0.7139867622819962, 0.8180956315801123, 0.7960990233417551])

seed_results: 
('Avg_AUPR_training:', 1.990792245694786)
('Avg_AUPR:', 0.2043138567658362)
('folds_AUPR:', [0.2922106221131264, 0.3601886750244461, 0.32184960277894137, 0.09020444613663468, 0.21097690021687912, 0.21664549348545278, 0.13962598452370945, 0.06701331016017024, 0.2535309170543022, 0.09089261616469997])
('Avg_AUC_training:', 8.186981539003494)
('Avg_AUC:', 0.7809701876347185)
('folds_AUC:', [0.8593846153846154, 0.8125399190972962, 0.8629539800995024, 0.731114199722025, 0.7383223310702344, 0.7940097245184828, 0.726507743097864, 0.7399705882352942, 0.8098047478578452, 0.7350940272640264])

seed_results: 
('Avg_AUPR_training:', 2.0002038819218986)
('Avg_AUPR:', 0.19076929376542406)
('folds_AUPR:', [0.19990500239925796, 0.10569935674172831, 0.20159603998578474, 0.2836653410344417, 0.05067256910759955, 0.23494969756353207, 0.050707899759132556, 0.1441116939004888, 0.34944549197183833, 0.2869398451904366])
('Avg_AUC_training:', 8.171584342663554)
('Avg_AUC:', 0.7761260417498754)
('folds_AUC:', [0.8063842192206784, 0.7094746453153533, 0.7664186594519113, 0.8192837021449904, 0.777922603530574, 0.7857499921892086, 0.660591976516634, 0.8065037077342709, 0.8072536765325202, 0.8216772348626135])

###########################################
('classifier: ', 'svm.SVC()')
---------GENERATE_FOLD-----------------------------------------------
7771
-------------------------------------------------THIS SEED FINISHED----------------------------------
/home/dqw_cyy/anaconda3/envs/py27/lib/python2.7/site-packages/sklearn/svm/base.py:196: FutureWarning: The default value of gamma will change from 'auto' to 'scale' in version 0.22 to account better for unscaled features. Set gamma explicitly to 'auto' or 'scale' to avoid this warning.
  "avoid this warning.", FutureWarning)
---------GENERATE_FOLD-----------------------------------------------
8367
-------------------------------------------------THIS SEED FINISHED----------------------------------
---------GENERATE_FOLD-----------------------------------------------
22
-------------------------------------------------THIS SEED FINISHED----------------------------------
---------GENERATE_FOLD-----------------------------------------------
1812
-------------------------------------------------THIS SEED FINISHED----------------------------------
---------GENERATE_FOLD-----------------------------------------------
4659
-------------------------------------------------THIS SEED FINISHED----------------------------------
################Results###################
Mode: D
Average AUPR: 0.4348248098854657
Average AUC: [0.7207165985255499]
seed_results: 
('Avg_AUPR_training:', 5.634241860361387)
('Avg_AUPR:', 0.47244376042110015)
('folds_AUPR:', [0.5573492728539936, 0.5038317169945905, 0.5194862106063088, 0.6950681768380496, 0.5658097975529902, 0.2933496031086705, 0.4156352650433518, 0.018874014182216108, 0.5535741734579762, 0.6014593735728533])
('Avg_AUC_training:', 8.313715850916179)
('Avg_AUC:', 0.7743780067680597)
('folds_AUC:', [0.8982602545968883, 0.8237048563833236, 0.868046776232617, 0.9255519766545536, 0.8606243830207305, 0.7936904242159646, 0.7401581800408781, 0.08652916427115454, 0.8923646719442826, 0.8548493803202047])

seed_results: 
('Avg_AUPR_training:', 5.079121062252436)
('Avg_AUPR:', 0.43605803550271754)
('folds_AUPR:', [0.6757027936243637, 0.484272677049099, 0.49392472020922107, 0.45326365556214043, 0.46531239216067094, 0.5502237372697111, 0.01655529101939994, 0.5914901385245339, 0.5976084739364429, 0.032226475671592154])
('Avg_AUC_training:', 7.5080384462508984)
('Avg_AUC:', 0.7278591022598678)
('folds_AUC:', [0.9383959106454195, 0.8383194423204364, 0.8267517550875322, 0.8391584564860427, 0.823874276261373, 0.8854846097767111, 0.12966381766381768, 0.8710513326752221, 0.9180259538166561, 0.2078654678654679])

seed_results: 
('Avg_AUPR_training:', 5.042804241253705)
('Avg_AUPR:', 0.4443043487006949)
('folds_AUPR:', [0.0168188950308532, 0.39461681904871043, 0.3990599556946099, 0.63157499711693, 0.5124326167238699, 0.022781612275592784, 0.5473961654760362, 0.6424113438997477, 0.7594577000843111, 0.5164933816562872])
('Avg_AUC_training:', 7.493092391746528)
('Avg_AUC:', 0.708344858553563)
('folds_AUC:', [0.07689678245185314, 0.7805205751529263, 0.8458492859658491, 0.8582689543657923, 0.8881868736923246, 0.13353087868563884, 0.8308452239298463, 0.8877382832388399, 0.9316959444005872, 0.8499157836519726])

seed_results: 
('Avg_AUPR_training:', 5.095457090093913)
('Avg_AUPR:', 0.43806860853725704)
('folds_AUPR:', [0.5300812365397048, 0.5680276002010872, 0.6038787768988834, 0.48259262728812646, 0.4087044670348111, 0.5222186669125191, 0.014366078581884469, 0.5751705814760701, 0.6588478656630459, 0.016798184776438567])
('Avg_AUC_training:', 7.507761027711327)
('Avg_AUC:', 0.7207447626136723)
('folds_AUC:', [0.8612208436724565, 0.8583170431158509, 0.9027487562189055, 0.8323550880420761, 0.8253185174744129, 0.8889632993603026, 0.1387925557950865, 0.7999950980392159, 0.9186595729737321, 0.181076851444683])

seed_results: 
('Avg_AUPR_training:', 4.4333147722085515)
('Avg_AUPR:', 0.38324929626555887)
('folds_AUPR:', [0.5709645785526393, 0.017748634248440018, 0.6317230398063189, 0.4770878951419141, 0.47542591875779455, 0.3569850280241686, 0.022751717964789142, 0.017732602260798487, 0.5970831005468108, 0.6649904473519146])
('Avg_AUC_training:', 6.677722386500005)
('Avg_AUC:', 0.6722562624325862)
('folds_AUC:', [0.9108596103391313, 0.20223170389099593, 0.8666361203235002, 0.8905189383654629, 0.8930471735171231, 0.8245904541714832, 0.2570673445077852, 0.09710915318558205, 0.8550050817287984, 0.925497044296])

###########################################
('classifier: ', 'GradientBoostingClassifier()')
---------GENERATE_FOLD-----------------------------------------------
7771
-------------------------------------------------THIS SEED FINISHED----------------------------------
---------GENERATE_FOLD-----------------------------------------------
8367
-------------------------------------------------THIS SEED FINISHED----------------------------------
---------GENERATE_FOLD-----------------------------------------------
22
-------------------------------------------------THIS SEED FINISHED----------------------------------
---------GENERATE_FOLD-----------------------------------------------
1812
-------------------------------------------------THIS SEED FINISHED----------------------------------
---------GENERATE_FOLD-----------------------------------------------
4659
-------------------------------------------------THIS SEED FINISHED----------------------------------
################Results###################
Mode: D
Average AUPR: 0.29438411824941313
Average AUC: [0.8006863350786543]
seed_results: 
('Avg_AUPR_training:', 3.2854468422375422)
('Avg_AUPR:', 0.291246763487898)
('folds_AUPR:', [0.3664299281735199, 0.2874716580799557, 0.22528488587392828, 0.44920150902472156, 0.25620467535338215, 0.17245267856362098, 0.10983591645669902, 0.27799421349587256, 0.40822375021143925, 0.3593684196458411])
('Avg_AUC_training:', 8.358526266241839)
('Avg_AUC:', 0.7975208071791637)
('folds_AUC:', [0.8683804809052333, 0.7847602374931689, 0.7626817319848294, 0.8471465147010242, 0.7843773136722606, 0.7384668558538893, 0.723779214431707, 0.7984829875084931, 0.8287787459145204, 0.8383539893265116])

seed_results: 
('Avg_AUPR_training:', 3.2384830845995847)
('Avg_AUPR:', 0.31505688426291556)
('folds_AUPR:', [0.2964811419521794, 0.23994317790713468, 0.20839871645231503, 0.3340207356842885, 0.3944530589940966, 0.3822224014920577, 0.5041981176992519, 0.32177913407433356, 0.2823497911478903, 0.18672256722560804])
('Avg_AUC_training:', 8.348716255106346)
('Avg_AUC:', 0.8060861271782859)
('folds_AUC:', [0.8177071963908898, 0.781156012642096, 0.7524215764684973, 0.8157512315270936, 0.7883341604631928, 0.814901194185844, 0.8909021842355176, 0.806214523692004, 0.7987745574790897, 0.7946986346986348])

seed_results: 
('Avg_AUPR_training:', 3.3227700722061466)
('Avg_AUPR:', 0.286781758121031)
('folds_AUPR:', [0.43898912808510204, 0.3310732982728388, 0.25614892418603535, 0.2835859707908634, 0.2540156573622744, 0.3551847981207441, 0.15475536020617217, 0.14616647198300217, 0.35371858927725186, 0.2941793829260261])
('Avg_AUC_training:', 8.352488838068362)
('Avg_AUC:', 0.8028966401914508)
('folds_AUC:', [0.8759382091115379, 0.7643850820752905, 0.816782358755297, 0.7579725116780454, 0.8368984693315715, 0.8221681091389175, 0.7410783029527344, 0.7692978141369163, 0.8395540832663181, 0.8048914614678784])

seed_results: 
('Avg_AUPR_training:', 3.2929256410000787)
('Avg_AUPR:', 0.3042498517986621)
('folds_AUPR:', [0.39779764993197264, 0.4354856609759385, 0.4247640719252162, 0.19984128170602172, 0.20749713304845402, 0.31761150578841363, 0.2446599276620698, 0.2774607112727965, 0.37730907955851156, 0.16007149611722626])
('Avg_AUC_training:', 8.373536649729628)
('Avg_AUC:', 0.8018891262798663)
('folds_AUC:', [0.8763804797353184, 0.8193301978696911, 0.8817008706467662, 0.7702056814886659, 0.7423042889249105, 0.8101974900417862, 0.7474510784099312, 0.7642941176470588, 0.8445138010956595, 0.7625132569388757])

seed_results: 
('Avg_AUPR_training:', 3.227368446038742)
('Avg_AUPR:', 0.2745853335765588)
('folds_AUPR:', [0.3012656830997935, 0.25105494427643654, 0.2914325861481084, 0.35553700539591404, 0.16402837875255608, 0.23111741291697124, 0.14753390200300215, 0.21607200859587192, 0.38141537625012245, 0.4063960383268114])
('Avg_AUC_training:', 8.32651112260441)
('Avg_AUC:', 0.7950389745645043)
('folds_AUC:', [0.8337260713244582, 0.785446516364658, 0.7820736603246639, 0.835986288351887, 0.7934030877644063, 0.7835265202403641, 0.6607940525823195, 0.8315405060377121, 0.810325174491406, 0.8335678681631684])

###########################################
('classifier: ', 'LogisticRegression()')
---------GENERATE_FOLD-----------------------------------------------
7771
-------------------------------------------------THIS SEED FINISHED----------------------------------
/home/dqw_cyy/anaconda3/envs/py27/lib/python2.7/site-packages/sklearn/linear_model/logistic.py:433: FutureWarning: Default solver will be changed to 'lbfgs' in 0.22. Specify a solver to silence this warning.
  FutureWarning)
---------GENERATE_FOLD-----------------------------------------------
8367
-------------------------------------------------THIS SEED FINISHED----------------------------------
---------GENERATE_FOLD-----------------------------------------------
22
-------------------------------------------------THIS SEED FINISHED----------------------------------
---------GENERATE_FOLD-----------------------------------------------
1812
-------------------------------------------------THIS SEED FINISHED----------------------------------
---------GENERATE_FOLD-----------------------------------------------
4659
-------------------------------------------------THIS SEED FINISHED----------------------------------
################Results###################
Mode: D
Average AUPR: 0.10344942859267423
Average AUC: [0.7045152377993495]
seed_results: 
('Avg_AUPR_training:', 0.9471794001857048)
('Avg_AUPR:', 0.10640338041896372)
('folds_AUPR:', [0.10298818960434987, 0.042435189730448325, 0.060607101218365614, 0.19729983089843844, 0.05642997227200689, 0.13597910268553215, 0.027597983039588676, 0.07303225497843874, 0.25122004569174594, 0.11644413407072234])
('Avg_AUC_training:', 7.3333410606884115)
('Avg_AUC:', 0.7029203944937669)
('folds_AUC:', [0.755049504950495, 0.6404720223043507, 0.6688088214636887, 0.7786036780090299, 0.6527332181638696, 0.6930846612821073, 0.620256820403448, 0.6949151988710605, 0.7933466626334468, 0.7319333568561726])

seed_results: 
('Avg_AUPR_training:', 0.9476042260058725)
('Avg_AUPR:', 0.100735747506058)
('folds_AUPR:', [0.05329440648397314, 0.07105599074522954, 0.08030730938495186, 0.05986352630718976, 0.17401014505023277, 0.12257089748749568, 0.21731925995436271, 0.12670486139593876, 0.05260918439294307, 0.04962189385826269])
('Avg_AUC_training:', 7.335506207868876)
('Avg_AUC:', 0.7083953591004686)
('folds_AUC:', [0.6899603434475733, 0.6450432023245145, 0.6224062472229628, 0.7034852216748768, 0.7498494623655914, 0.7306533506235445, 0.8072934472934474, 0.7256061821322803, 0.7335056177693797, 0.6761505161505161])

seed_results: 
('Avg_AUPR_training:', 0.9475718974284182)
('Avg_AUPR:', 0.10860301567267036)
('folds_AUPR:', [0.23752209860786808, 0.11001341565553131, 0.15175564708448416, 0.06045541995658088, 0.08919311524575507, 0.20522050853726792, 0.03206338685248275, 0.03167976305870221, 0.07681598766182364, 0.0913108140662077])
('Avg_AUC_training:', 7.334083253578364)
('Avg_AUC:', 0.7066978276800698)
('folds_AUC:', [0.8164310234479548, 0.6579542514750185, 0.7562343077220208, 0.700847406875075, 0.7402819072789341, 0.758433328443597, 0.6211240988311052, 0.5911063936279459, 0.7307014113810582, 0.6938641477179884])

seed_results: 
('Avg_AUPR_training:', 0.9481590579345232)
('Avg_AUPR:', 0.10543201020772819)
('folds_AUPR:', [0.1695783864240282, 0.20587058020371823, 0.22851472848901697, 0.056673738517492536, 0.08744505424866586, 0.05701797635995532, 0.08107063445733756, 0.048347965530443016, 0.06717318040829379, 0.05262785743833036])
('Avg_AUC_training:', 7.333027903631024)
('Avg_AUC:', 0.7041221893806494)
('folds_AUC:', [0.7806848635235732, 0.7494016167637628, 0.806660447761194, 0.6711895929366357, 0.6672069913313129, 0.6841135968859218, 0.6326949313171076, 0.6650343137254902, 0.7088688720325889, 0.6753666675289065])

seed_results: 
('Avg_AUPR_training:', 0.9475612445251208)
('Avg_AUPR:', 0.0960729891579509)
('folds_AUPR:', [0.10997250871959681, 0.04334581848369566, 0.10668761840540958, 0.18004021966420455, 0.03360832408888462, 0.055694323950941524, 0.031468002250294155, 0.08294398746413442, 0.21034173884471538, 0.10662734970763228])
('Avg_AUC_training:', 7.333454417180617)
('Avg_AUC:', 0.7004404183417928)
('folds_AUC:', [0.7278113157127587, 0.6976840146087935, 0.6837726188398208, 0.7489139288623404, 0.6689045221345332, 0.6923902063090366, 0.6125085084659235, 0.7100747127639537, 0.7462953916300277, 0.7160489640907395])

###########################################
('classifier: ', 'MLPClassifier()')
---------GENERATE_FOLD-----------------------------------------------
7771
-------------------------------------------------THIS SEED FINISHED----------------------------------
/home/dqw_cyy/anaconda3/envs/py27/lib/python2.7/site-packages/sklearn/neural_network/multilayer_perceptron.py:562: ConvergenceWarning: Stochastic Optimizer: Maximum iterations (200) reached and the optimization hasn't converged yet.
  % self.max_iter, ConvergenceWarning)
---------GENERATE_FOLD-----------------------------------------------
8367
-------------------------------------------------THIS SEED FINISHED----------------------------------
---------GENERATE_FOLD-----------------------------------------------
22
-------------------------------------------------THIS SEED FINISHED----------------------------------
---------GENERATE_FOLD-----------------------------------------------
1812
-------------------------------------------------THIS SEED FINISHED----------------------------------
---------GENERATE_FOLD-----------------------------------------------
4659
-------------------------------------------------THIS SEED FINISHED----------------------------------
################Results###################
Mode: D
Average AUPR: 0.7850041670769489
Average AUC: [0.9277215448983889]
seed_results: 
('Avg_AUPR_training:', 9.75231912852341)
('Avg_AUPR:', 0.8098084976702851)
('folds_AUPR:', [0.9298288459124734, 0.8276003359645215, 0.6867290192330568, 0.9525482737862642, 0.7969000739482381, 0.7413742255826321, 0.7544685464659552, 0.964613143899818, 0.81678489036114, 0.6272376215487494])
('Avg_AUC_training:', 9.986020217222102)
('Avg_AUC:', 0.9170027451362028)
('folds_AUC:', [0.9736633663366336, 0.8897472235344245, 0.9519419862340215, 0.9780172888448408, 0.8924219521224087, 0.798383722622426, 0.7990202612636629, 0.9985528929075419, 0.9354438878272995, 0.9528348696687692])

seed_results: 
('Avg_AUPR_training:', 9.675163165446671)
('Avg_AUPR:', 0.8223751836333912)
('folds_AUPR:', [0.8866076639993965, 0.7452800441477349, 0.734587928002378, 0.5727198391717455, 0.797992081558147, 0.9469529533111969, 0.9662208045432761, 0.8873266623934997, 0.9168170707807927, 0.7692467884257433])
('Avg_AUC_training:', 9.987152360697879)
('Avg_AUC:', 0.9318506814579186)
('folds_AUC:', [0.9519482645710543, 0.9159052097670388, 0.8878910068426198, 0.9463013136288998, 0.8646815550041357, 0.9647486145250675, 0.9989895536562204, 0.935579652023692, 0.9779827900816036, 0.8744788544788544])

seed_results: 
('Avg_AUPR_training:', 9.682480912970883)
('Avg_AUPR:', 0.7712992234196431)
('folds_AUPR:', [0.8591676642289029, 0.5098501530659103, 0.537125529891596, 0.7144705265904543, 0.8140855683206927, 0.8127966333823727, 0.7919482367991368, 0.9665396766366796, 0.8801813537285268, 0.8268268915521583])
('Avg_AUC_training:', 9.987126938747798)
('Avg_AUC:', 0.9351300848602305)
('folds_AUC:', [0.9973235585035201, 0.8306837243071378, 0.9690926029015803, 0.9519178943586059, 0.9662963880629887, 0.9149185858882206, 0.8841204291613753, 0.998921307203079, 0.9464737607070923, 0.8915525975087044])

seed_results: 
('Avg_AUPR_training:', 9.74090086283625)
('Avg_AUPR:', 0.7157341940139985)
('folds_AUPR:', [0.7525025161794378, 0.4031011381416031, 0.9867528937117657, 0.41412119626090255, 0.7547534240909272, 0.9721118558781947, 0.8742925642652937, 0.379430405229452, 0.8775395159950132, 0.7427364303873948])
('Avg_AUC_training:', 9.990213406623601)
('Avg_AUC:', 0.9355621118209398)
('folds_AUC:', [0.9464019851116627, 0.8886394281327217, 0.9995087064676617, 0.8899999000089992, 0.9159677684591351, 0.9988977948921862, 0.9467095739473658, 0.8818480392156863, 0.9650231774125579, 0.9226247445614216])

seed_results: 
('Avg_AUPR_training:', 9.722608216959895)
('Avg_AUPR:', 0.8058037366474273)
('folds_AUPR:', [0.8352845686784834, 0.7789501076180311, 0.8848554406804654, 0.5928765042107781, 0.8090806554139738, 0.7878146696919566, 0.6961115974354034, 0.9681324421980666, 0.7484283376331821, 0.9565030429139327])
('Avg_AUC_training:', 9.988449604054216)
('Avg_AUC:', 0.9190621012166519)
('folds_AUC:', [0.9285449664755611, 0.8456858407079646, 0.9518895095130041, 0.9172125305457507, 0.937399564332393, 0.8766207392132971, 0.7876871862503191, 0.9919043732429246, 0.9621986759429273, 0.9914776259423779])

###########################################
('classifier: ', 'DecisionTreeClassifier()')
---------GENERATE_FOLD-----------------------------------------------
7771
-------------------------------------------------THIS SEED FINISHED----------------------------------
---------GENERATE_FOLD-----------------------------------------------
8367
-------------------------------------------------THIS SEED FINISHED----------------------------------
---------GENERATE_FOLD-----------------------------------------------
22
-------------------------------------------------THIS SEED FINISHED----------------------------------
---------GENERATE_FOLD-----------------------------------------------
1812
-------------------------------------------------THIS SEED FINISHED----------------------------------
---------GENERATE_FOLD-----------------------------------------------
4659
-------------------------------------------------THIS SEED FINISHED----------------------------------
################Results###################
Mode: D
Average AUPR: 0.9090854412418606
Average AUC: [0.9494953549351105]
seed_results: 
('Avg_AUPR_training:', 9.996032347401254)
('Avg_AUPR:', 0.9062287061205889)
('folds_AUPR:', [0.9617469557869854, 0.8910301353095179, 0.9362602257809025, 0.9787728865055333, 0.8725101975168296, 0.8249795363830451, 0.723568390673654, 0.9999145591250854, 0.9315767369577268, 0.941927437166611])
('Avg_AUC_training:', 9.999873355628988)
('Avg_AUC:', 0.946266223993239)
('folds_AUC:', [0.9779985855728431, 0.9236807736126934, 0.9635131338671162, 0.9858426935359542, 0.9278558427936822, 0.8783744451720876, 0.8824424597885009, 0.9999967333925678, 0.9616241580038511, 0.961333414193093])

seed_results: 
('Avg_AUPR_training:', 9.995958451992944)
('Avg_AUPR:', 0.9171846070001661)
('folds_AUPR:', [0.9629684155999946, 0.8436519620730146, 0.9028591434239701, 0.9188191230684759, 0.8558253588516747, 0.9484866011181801, 0.9997668997668998, 0.9332605707541076, 0.9791647669269026, 0.8270432284184408])
('Avg_AUC_training:', 9.999871002064936)
('Avg_AUC:', 0.9546772501851167)
('folds_AUC:', [0.9719720948846685, 0.9077713207931897, 0.9423320447880564, 0.9572085385878488, 0.9175682382133994, 0.979248520977284, 0.9999924026590693, 0.9600467361796644, 0.9902696344050166, 0.9203629703629705])

seed_results: 
('Avg_AUPR_training:', 9.995834772320652)
('Avg_AUPR:', 0.9136308279998839)
('folds_AUPR:', [0.9998934356351236, 0.8018268916657161, 0.9130278126606156, 0.90445728219529, 0.9428166546587599, 0.9228076219057915, 0.7923153287814941, 0.9995614035087719, 0.9467479066985646, 0.9128539422887116])
('Avg_AUC_training:', 9.999866957310767)
('Avg_AUC:', 0.9502610232636949)
('folds_AUC:', [0.9999963635305754, 0.8873436313413282, 0.9527044682518943, 0.9455960294646065, 0.9711623169254487, 0.9516238814727886, 0.9051335379815817, 0.999987055686437, 0.9549213890999771, 0.9341415588823108])

seed_results: 
('Avg_AUPR_training:', 9.995632289857243)
('Avg_AUPR:', 0.9134561287320743)
('folds_AUPR:', [0.9012066292212745, 0.8947721108499768, 1.0, 0.8527314753652657, 0.9239763309344042, 0.9996087636932708, 0.9549347361339182, 0.8823486582067819, 0.8887567049364551, 0.8362258779793961])
('Avg_AUC_training:', 9.999860405677788)
('Avg_AUC:', 0.9499439307188217)
('folds_AUC:', [0.945019023986766, 0.9335101063864104, 1.0, 0.9168424841764241, 0.9514921574615702, 0.99998604803661, 0.9573687005967444, 0.9191666666666667, 0.953390574518893, 0.9226635453581313])

seed_results: 
('Avg_AUPR_training:', 9.995931212318704)
('Avg_AUPR:', 0.89492693635659)
('folds_AUPR:', [0.938262867748723, 0.8193086271396968, 0.9623953254708273, 0.871606069463658, 0.9293871439088517, 0.8255466196115692, 0.7312214080737259, 0.9433567145613575, 0.9618749931180018, 0.9663095944694879])
('Avg_AUC_training:', 9.999870094274987)
('Avg_AUC:', 0.9463283465146806)
('folds_AUC:', [0.9623639587989505, 0.9081243854473943, 0.9703045906790017, 0.9541686464838447, 0.9508088419097954, 0.9025057018777143, 0.8769090870416064, 0.9911230632930819, 0.9606545042085699, 0.9863206854068473])

###########################################
('classifier: ', 'AdaBoostClassifier()')
---------GENERATE_FOLD-----------------------------------------------
7771
-------------------------------------------------THIS SEED FINISHED----------------------------------
---------GENERATE_FOLD-----------------------------------------------
8367
-------------------------------------------------THIS SEED FINISHED----------------------------------
---------GENERATE_FOLD-----------------------------------------------
22
-------------------------------------------------THIS SEED FINISHED----------------------------------
---------GENERATE_FOLD-----------------------------------------------
1812
-------------------------------------------------THIS SEED FINISHED----------------------------------
---------GENERATE_FOLD-----------------------------------------------
4659
-------------------------------------------------THIS SEED FINISHED----------------------------------
################Results###################
Mode: D
Average AUPR: 0.08757952071215554
Average AUC: [0.703734718018138]
seed_results: 
('Avg_AUPR_training:', 0.8405995484610188)
('Avg_AUPR:', 0.09490219848444813)
('folds_AUPR:', [0.09732011654521533, 0.04674766509665042, 0.05548238315950259, 0.20499223320297422, 0.053369554880968256, 0.11008199573839668, 0.02964999845711391, 0.0670539653411138, 0.17034307153494718, 0.11398100088759888])
('Avg_AUC_training:', 7.246655977610974)
('Avg_AUC:', 0.7096845026318087)
('folds_AUC:', [0.7631930693069306, 0.6651614935022833, 0.6859592288242731, 0.7494115460852329, 0.6632912759131293, 0.7302808702612239, 0.6474162445570071, 0.6992597867558668, 0.7527759128234262, 0.7400955982887134])

seed_results: 
('Avg_AUPR_training:', 0.8474881007006604)
('Avg_AUPR:', 0.08431479874166524)
('folds_AUPR:', [0.05357251488212716, 0.06878510984691416, 0.03526137655207224, 0.08164050973506931, 0.13759375263494517, 0.09195505470157266, 0.16570887195080541, 0.08461969771012154, 0.06569341514619875, 0.05831768425682608])
('Avg_AUC_training:', 7.262088281211074)
('Avg_AUC:', 0.7017817286692922)
('folds_AUC:', [0.6662255329986175, 0.6790029056430646, 0.6218230694037146, 0.7060180623973727, 0.7335748552522746, 0.7021470829220458, 0.778659069325736, 0.7220084217670286, 0.7154944841192653, 0.6928638028638029])

seed_results: 
('Avg_AUPR_training:', 0.8271126873679734)
('Avg_AUPR:', 0.09116539946214376)
('folds_AUPR:', [0.1618870371392712, 0.07304014056630301, 0.07814266237062363, 0.10140227377572605, 0.07595220390084871, 0.16386454831836483, 0.061039117865696796, 0.03184763930052691, 0.07061752003132693, 0.09386085135274944])
('Avg_AUC_training:', 7.265327428359077)
('Avg_AUC:', 0.7042349663508523)
('folds_AUC:', [0.8010378483737709, 0.6941725291874253, 0.749571125072426, 0.6946640316205533, 0.7165028631208017, 0.7424086841719232, 0.6563909248167664, 0.5839913359394551, 0.7140606901232838, 0.6895496310821172])

seed_results: 
('Avg_AUPR_training:', 0.8357797393243963)
('Avg_AUPR:', 0.08318368306470761)
('folds_AUPR:', [0.1333903386321167, 0.13304712476409672, 0.1436355787074447, 0.05594608623573743, 0.06743752055913035, 0.05330793541517022, 0.045900478563811686, 0.03959780634616984, 0.10570557029268886, 0.053868391130709514])
('Avg_AUC_training:', 7.253847535900269)
('Avg_AUC:', 0.706413409761701)
('folds_AUC:', [0.7858196856906535, 0.7417790852962238, 0.7855006218905473, 0.7068213860752532, 0.6773870212449393, 0.6703499850016393, 0.6744462148904928, 0.6600980392156863, 0.7021439106616099, 0.6597881476499651])

seed_results: 
('Avg_AUPR_training:', 0.8389492339892789)
('Avg_AUPR:', 0.08433152380781296)
('folds_AUPR:', [0.08595438346440648, 0.037782693807447316, 0.06919482982353001, 0.1452750536679485, 0.029955345018671833, 0.08809469625704154, 0.02947791731604652, 0.08713645347461269, 0.17649563576023442, 0.09394822948819034])
('Avg_AUC_training:', 7.252726257484872)
('Avg_AUC:', 0.6965589826770364)
('folds_AUC:', [0.7145685550481002, 0.6582385166455962, 0.6728523011578519, 0.7782293646483844, 0.6545608208644312, 0.7181606106997428, 0.6090891687228792, 0.7086376605347788, 0.7363228498110495, 0.7149299786375504])

###########################################
('classifier: ', 'GaussianNB()')
---------GENERATE_FOLD-----------------------------------------------
7771
-------------------------------------------------THIS SEED FINISHED----------------------------------
---------GENERATE_FOLD-----------------------------------------------
8367
-------------------------------------------------THIS SEED FINISHED----------------------------------
---------GENERATE_FOLD-----------------------------------------------
22
-------------------------------------------------THIS SEED FINISHED----------------------------------
---------GENERATE_FOLD-----------------------------------------------
1812
-------------------------------------------------THIS SEED FINISHED----------------------------------
---------GENERATE_FOLD-----------------------------------------------
4659
-------------------------------------------------THIS SEED FINISHED----------------------------------
################Results###################
Mode: D
Average AUPR: 0.05512758341311517
Average AUC: [0.5849367219997811]
seed_results: 
('Avg_AUPR_training:', 0.5526185461300462)
('Avg_AUPR:', 0.05784443292726362)
('folds_AUPR:', [0.10189627726293599, 0.052495260507205446, 0.05858192876671267, 0.07707923308890019, 0.03367793106164006, 0.03316320893965306, 0.020151820491703384, 0.04599279553905954, 0.10470409705521906, 0.05070177655960678])
('Avg_AUC_training:', 6.055888624163979)
('Avg_AUC:', 0.5828117166337867)
('folds_AUC:', [0.6813719943422913, 0.5342994229397653, 0.5840356791684225, 0.6471788624600815, 0.5200903874629812, 0.5126700865895366, 0.46773082733493293, 0.5819951131552814, 0.7123121417135774, 0.5864326511709963])

seed_results: 
('Avg_AUPR_training:', 0.5513264431361959)
('Avg_AUPR:', 0.05103475512393966)
('folds_AUPR:', [0.05232270729894258, 0.05228849527630899, 0.01818516422127754, 0.07914751489268997, 0.04108342630545652, 0.042160045861315096, 0.08098244508731878, 0.0678281532382563, 0.046711162675774416, 0.02963843638205633])
('Avg_AUC_training:', 6.059167522741157)
('Avg_AUC:', 0.5847786400267551)
('folds_AUC:', [0.6163819762788328, 0.6034721160218177, 0.4274582333599929, 0.6086986863711001, 0.5468585607940447, 0.5649318391494249, 0.687661918328585, 0.6296427690029615, 0.6411018793823695, 0.5215784215784216])

seed_results: 
('Avg_AUPR_training:', 0.5596224029944904)
('Avg_AUPR:', 0.05774507938028772)
('folds_AUPR:', [0.10103838068948895, 0.047525147739276574, 0.04254448072589646, 0.07419671751010747, 0.04380656661358376, 0.04633183896035528, 0.03748070565404442, 0.04050252013932444, 0.08270972151243895, 0.06131471425836087])
('Avg_AUC_training:', 6.056986462317468)
('Avg_AUC:', 0.5914422478985161)
('folds_AUC:', [0.7417015767731424, 0.5176960502048753, 0.6694993240249486, 0.5917999161576237, 0.5990116727232684, 0.5114097110165762, 0.5446759791618755, 0.5088452809347519, 0.6536583026538096, 0.5761246653342886])

seed_results: 
('Avg_AUPR_training:', 0.5515248549781107)
('Avg_AUPR:', 0.05217393158255114)
('folds_AUPR:', [0.09564591188170789, 0.04406218461911543, 0.08556795018405794, 0.028333910503352093, 0.04674522997280332, 0.050660884603839856, 0.030776635446911546, 0.029259602036647552, 0.06258957328238979, 0.04809743329468588])
('Avg_AUC_training:', 6.0517392361581)
('Avg_AUC:', 0.5816913122371659)
('folds_AUC:', [0.6695947063689, 0.5034419132779788, 0.6309763681592041, 0.5452509274165325, 0.5797057188275738, 0.6306182812576299, 0.5875485570864707, 0.5275147058823529, 0.5967744767523528, 0.5454874673426627])

seed_results: 
('Avg_AUPR_training:', 0.556576883318411)
('Avg_AUPR:', 0.056839718051533705)
('folds_AUPR:', [0.06665059185737936, 0.02554898273593944, 0.05180073305795434, 0.10008614233155719, 0.04761205358706599, 0.04209414318140208, 0.06257351063461507, 0.058536863168427905, 0.04930839664381665, 0.06418576331717896])
('Avg_AUC_training:', 6.057853899777043)
('Avg_AUC:', 0.5839596932026818)
('folds_AUC:', [0.6331472888932077, 0.4718359320129231, 0.5736821434805375, 0.6963370553896281, 0.5787951290933114, 0.5776496807989919, 0.5287958393601634, 0.6029794417819448, 0.571961210406033, 0.6044132108100776])

###########################################
################Results###################
classifiers: ['RandomForestClassifier()', 'xgboost.XGBClassifier()', 'svm.SVC()', 'GradientBoostingClassifier()', 'LogisticRegression()', 'MLPClassifier()', 'DecisionTreeClassifier()', 'AdaBoostClassifier()', 'GaussianNB()']
Average AUPR: [0.90023528596802, 0.19321858177079368, 0.4348248098854657, 0.29438411824941313, 0.10344942859267423, 0.7850041670769489, 0.9090854412418606, 0.08757952071215554, 0.05512758341311517]
Average AUC: [[0.9533542350570546], [0.7794216352131939], [0.7207165985255499], [0.8006863350786543], [0.7045152377993495], [0.9277215448983889], [0.9494953549351105], [0.703734718018138], [0.5849367219997811]]
###########################################
('mode:', 'T')
('classifier: ', 'RandomForestClassifier()')
---------GENERATE_FOLD-----------------------------------------------
7771
-------------------------------------------------THIS SEED FINISHED----------------------------------
---------GENERATE_FOLD-----------------------------------------------
8367
-------------------------------------------------THIS SEED FINISHED----------------------------------
---------GENERATE_FOLD-----------------------------------------------
22
-------------------------------------------------THIS SEED FINISHED----------------------------------
---------GENERATE_FOLD-----------------------------------------------
1812
-------------------------------------------------THIS SEED FINISHED----------------------------------
---------GENERATE_FOLD-----------------------------------------------
4659
-------------------------------------------------THIS SEED FINISHED----------------------------------
################Results###################
Mode: T
Average AUPR: 0.9026699111676959
Average AUC: [0.9576834386461903]
seed_results: 
('Avg_AUPR_training:', 9.873004993553486)
('Avg_AUPR:', 0.8958048428416283)
('folds_AUPR:', [0.9662824449268671, 0.8837856529379104, 0.8699055647933556, 0.8986679243755833, 0.8967166287582138, 0.8271643808359055, 0.9718065620281532, 0.933439571326383, 0.8286859774731767, 0.8815937209607357])
('Avg_AUC_training:', 9.99579431598611)
('Avg_AUC:', 0.9578021292420038)
('folds_AUC:', [0.9976521272472497, 0.9670757765269961, 0.9501884642356241, 0.9605153113741637, 0.9540351337178814, 0.9104364649745379, 0.9996326890427061, 0.9604272510252801, 0.947973437142203, 0.9300846371333978])

seed_results: 
('Avg_AUPR_training:', 9.872197378325268)
('Avg_AUPR:', 0.8989412436556439)
('folds_AUPR:', [0.9204924130820094, 0.8772970795611713, 0.8988202453856987, 0.8759710727242525, 0.943866148123299, 0.8608414009175693, 0.8639950372925506, 0.9132874074281229, 0.9090283425264419, 0.925813289515324])
('Avg_AUC_training:', 9.995637042585345)
('Avg_AUC:', 0.9518605652881196)
('folds_AUC:', [0.973371842790803, 0.9340309878445472, 0.9556096034590659, 0.9382321187584346, 0.9795681511470985, 0.9364590478803677, 0.9262061772424466, 0.9514894881509545, 0.9501618266952875, 0.9734764089121888])

seed_results: 
('Avg_AUPR_training:', 9.866770094782998)
('Avg_AUPR:', 0.91097713196849)
('folds_AUPR:', [0.9202319537908936, 0.8897031238489881, 0.9316438698924813, 0.8833973353995669, 0.9410469667097792, 0.9045629078772287, 0.9346164466229765, 0.9142160210868724, 0.9045353084415585, 0.8858173860145542])
('Avg_AUC_training:', 9.995620801978443)
('Avg_AUC:', 0.9662086539093575)
('folds_AUC:', [0.9711665272774062, 0.9607835984240478, 0.9767335432379001, 0.9519525870548888, 0.98178721381605, 0.9441538744369887, 0.9610254848351774, 0.9544882578561336, 0.9994663485685585, 0.9605291035864247])

seed_results: 
('Avg_AUPR_training:', 9.875232417933642)
('Avg_AUPR:', 0.9125980244035314)
('folds_AUPR:', [0.90421848930983, 0.9325362525437584, 0.9013256896367282, 0.9169845076882372, 0.938305624068088, 0.8715049084986598, 0.9583796415876937, 0.9361133380991964, 0.9061576715176989, 0.8604541210854241])
('Avg_AUC_training:', 9.996031792566335)
('Avg_AUC:', 0.9601940324672332)
('folds_AUC:', [0.9491827684510612, 0.9689337474120082, 0.9421049833180472, 0.9685141994786665, 0.9742269792728508, 0.9263744146989801, 0.9778723194963606, 0.9957286432160805, 0.9643667791875219, 0.9346354901407568])

seed_results: 
('Avg_AUPR_training:', 9.856287156651803)
('Avg_AUPR:', 0.895028312969185)
('folds_AUPR:', [0.9130770797041345, 0.8581860265094041, 0.9244828061219575, 0.9588756891292347, 0.870305470069716, 0.8526173844167542, 0.8947096721182088, 0.879238793212832, 0.9667905367438341, 0.8319996716657739])
('Avg_AUC_training:', 9.99461977372887)
('Avg_AUC:', 0.952351812324237)
('folds_AUC:', [0.9463059262166406, 0.9297367138829917, 0.9566209918697378, 0.9975488801653676, 0.9501363545662151, 0.9364197530864198, 0.953712057420105, 0.9411718559324989, 0.9897037690247568, 0.9221618210776374])

###########################################
('classifier: ', 'xgboost.XGBClassifier()')
---------GENERATE_FOLD-----------------------------------------------
7771
-------------------------------------------------THIS SEED FINISHED----------------------------------
---------GENERATE_FOLD-----------------------------------------------
8367
-------------------------------------------------THIS SEED FINISHED----------------------------------
---------GENERATE_FOLD-----------------------------------------------
22
-------------------------------------------------THIS SEED FINISHED----------------------------------
---------GENERATE_FOLD-----------------------------------------------
1812
-------------------------------------------------THIS SEED FINISHED----------------------------------
---------GENERATE_FOLD-----------------------------------------------
4659
-------------------------------------------------THIS SEED FINISHED----------------------------------
################Results###################
Mode: T
Average AUPR: 0.18421938564612855
Average AUC: [0.7871046475110746]
seed_results: 
('Avg_AUPR_training:', 1.9857010313558876)
('Avg_AUPR:', 0.1756737959924826)
('folds_AUPR:', [0.1175965646374306, 0.1536842274413109, 0.05774007611092198, 0.21905926103490314, 0.27572087184989663, 0.15858604361320644, 0.1923987668446484, 0.2608895971201384, 0.05686250271381867, 0.2642000485585505])
('Avg_AUC_training:', 8.207956444031382)
('Avg_AUC:', 0.7904904504362188)
('folds_AUC:', [0.7732253063414924, 0.7920510214717531, 0.7610667952314165, 0.8195324562532167, 0.7943497640272679, 0.785752235454509, 0.7986646206085934, 0.8074095611189325, 0.7979276391115181, 0.7749251047434884])

seed_results: 
('Avg_AUPR_training:', 2.0022701658539854)
('Avg_AUPR:', 0.19609554492018955)
('folds_AUPR:', [0.19760717342991832, 0.24255667108994922, 0.2110191828422931, 0.13659147072534825, 0.1871248439361975, 0.13790828510034564, 0.14635554265609677, 0.23396172441298219, 0.21911748596080086, 0.2487130690479636])
('Avg_AUC_training:', 8.19940746860782)
('Avg_AUC:', 0.7875567198305474)
('folds_AUC:', [0.8023615358477741, 0.7874250984420477, 0.8007291725929718, 0.7772199730094467, 0.7736302294197032, 0.7652215667444093, 0.7470526882443981, 0.7867945670207761, 0.7804328725072571, 0.8546994944766898])

seed_results: 
('Avg_AUPR_training:', 1.9357294205599571)
('Avg_AUPR:', 0.18544135088791522)
('folds_AUPR:', [0.24342755141516242, 0.12062072062578738, 0.19629329376577534, 0.1161565035437068, 0.27761752665651884, 0.17906582704238697, 0.3283453480920042, 0.092473906589554, 0.1464187116805541, 0.1539941194677023])
('Avg_AUC_training:', 8.169395896752471)
('Avg_AUC:', 0.7909551199757686)
('folds_AUC:', [0.8102684315491506, 0.8070031894269455, 0.7851651167899245, 0.7566250245917765, 0.8215004357125881, 0.7678876734994026, 0.851748098199487, 0.695767444990243, 0.8644525364138623, 0.749133248584306])

seed_results: 
('Avg_AUPR_training:', 1.9784379985890337)
('Avg_AUPR:', 0.1888160145700912)
('folds_AUPR:', [0.1451940280868241, 0.18964214661011564, 0.24282487424764923, 0.1223323984457618, 0.26467204764233093, 0.2818257541826071, 0.23288269032987555, 0.014873157320266572, 0.24602304920681203, 0.1478899996286694])
('Avg_AUC_training:', 8.183051843578145)
('Avg_AUC:', 0.7792320434708028)
('folds_AUC:', [0.7239277795375356, 0.7769737750172532, 0.7837261235394984, 0.7736520784744134, 0.8383395628043947, 0.8026131396603308, 0.77650993507771, 0.7131540053207213, 0.817799877779071, 0.7856241574971004])

seed_results: 
('Avg_AUPR_training:', 1.9547466109133915)
('Avg_AUPR:', 0.17507022185996413)
('folds_AUPR:', [0.29246466982412855, 0.15623025931077622, 0.26631309210475956, 0.23980092082615276, 0.10636573785289272, 0.1662625704537767, 0.0914829130011488, 0.12218076658384348, 0.13116088215686642, 0.17844040648529602])
('Avg_AUC_training:', 8.176463041796385)
('Avg_AUC:', 0.787288903842035)
('folds_AUC:', [0.7948581676260247, 0.7779469599415305, 0.7993154341515499, 0.8388613908327169, 0.7723266745005876, 0.8010533469249066, 0.7407424114840211, 0.7899829155189847, 0.7856979554510419, 0.7721037819889862])

###########################################
('classifier: ', 'svm.SVC()')
---------GENERATE_FOLD-----------------------------------------------
7771
-------------------------------------------------THIS SEED FINISHED----------------------------------
---------GENERATE_FOLD-----------------------------------------------
8367
-------------------------------------------------THIS SEED FINISHED----------------------------------
---------GENERATE_FOLD-----------------------------------------------
22
-------------------------------------------------THIS SEED FINISHED----------------------------------
---------GENERATE_FOLD-----------------------------------------------
1812
-------------------------------------------------THIS SEED FINISHED----------------------------------
---------GENERATE_FOLD-----------------------------------------------
4659
-------------------------------------------------THIS SEED FINISHED----------------------------------
################Results###################
Mode: T
Average AUPR: 0.49573384471410054
Average AUC: [0.8054318373124155]
seed_results: 
('Avg_AUPR_training:', 5.695350136082539)
('Avg_AUPR:', 0.4836988436643132)
('folds_AUPR:', [0.5754268520580244, 0.5194005296410072, 0.006269211787397892, 0.6042929374801032, 0.6528015597283909, 0.53698209779399, 0.3201813441541551, 0.5086546658079081, 0.562795911371722, 0.5501833268204346])
('Avg_AUC_training:', 8.346973395601092)
('Avg_AUC:', 0.8004437315968895)
('folds_AUC:', [0.8924748814883278, 0.8594434021263291, 0.1684125175315568, 0.8803396809058158, 0.8692134242265338, 0.8454328561690524, 0.9174937965260546, 0.898579910632307, 0.8379665674376003, 0.8350802789253172])

seed_results: 
('Avg_AUPR_training:', 5.697510320078864)
('Avg_AUPR:', 0.4830230539728039)
('folds_AUPR:', [0.455477356645853, 0.46025823415681516, 0.4323758451440228, 0.5115605759122952, 0.6105550104856167, 0.01012068732411429, 0.6429140054448171, 0.5213706650790612, 0.5468581956367051, 0.6387399638987378])
('Avg_AUC_training:', 8.31475057271548)
('Avg_AUC:', 0.7888487121679119)
('folds_AUC:', [0.8808415449088232, 0.8455059065228556, 0.8098936109688799, 0.8386189833558254, 0.9221952316689158, 0.1250651666895322, 0.8548684476145615, 0.8294548448604611, 0.8538721624717777, 0.9281712226174873])

seed_results: 
('Avg_AUPR_training:', 5.689059273263704)
('Avg_AUPR:', 0.49177552878550435)
('folds_AUPR:', [0.6594020697303374, 0.013410762200862762, 0.5048309467664394, 0.5388769842858687, 0.544253631557115, 0.5177789554408864, 0.5751309319127902, 0.5642209724467343, 0.6107782364558317, 0.3890717970581768])
('Avg_AUC_training:', 8.336287100918293)
('Avg_AUC:', 0.7927788998467791)
('folds_AUC:', [0.8739103512609366, 0.15947134727231033, 0.863403382880574, 0.8316545347235884, 0.9152024083023054, 0.8409895210956889, 0.8869402615064245, 0.8323363165332077, 0.9207056755399297, 0.8031751993528257])

seed_results: 
('Avg_AUPR_training:', 6.418568760732853)
('Avg_AUPR:', 0.5421278775554076)
('folds_AUPR:', [0.5907344270851317, 0.700758713829129, 0.5279850030518731, 0.2980349024918581, 0.58174271419577, 0.5903961716861561, 0.54767101771057, 0.5410580876292942, 0.547436003076545, 0.49546173479774963])
('Avg_AUC_training:', 9.200527595363315)
('Avg_AUC:', 0.8663231137815673)
('folds_AUC:', [0.8477161862527716, 0.895855762594893, 0.885585729287129, 0.8381945397173823, 0.8799524294937139, 0.8411095416578616, 0.8851662404092071, 0.8793378657995862, 0.8697183098591549, 0.8405945327439732])

seed_results: 
('Avg_AUPR_training:', 5.691416884670623)
('Avg_AUPR:', 0.4780439195924733)
('folds_AUPR:', [0.512373862730718, 0.3539265816102125, 0.6192431186807217, 0.6425719362877446, 0.518248988122501, 0.530852183089289, 0.4270949165936959, 0.6011953947793351, 0.01637692084490054, 0.5585552931856146])
('Avg_AUC_training:', 8.345315571516782)
('Avg_AUC:', 0.7787647291689294)
('folds_AUC:', [0.8463446275946276, 0.8346239515539623, 0.8726685277663467, 0.9197056759780775, 0.8282154180431457, 0.8832144070676182, 0.8439191627571274, 0.8246400055786061, 0.09816121235874321, 0.8361543029910378])

###########################################
('classifier: ', 'GradientBoostingClassifier()')
---------GENERATE_FOLD-----------------------------------------------
7771
-------------------------------------------------THIS SEED FINISHED----------------------------------
---------GENERATE_FOLD-----------------------------------------------
8367
-------------------------------------------------THIS SEED FINISHED----------------------------------
---------GENERATE_FOLD-----------------------------------------------
22
-------------------------------------------------THIS SEED FINISHED----------------------------------
---------GENERATE_FOLD-----------------------------------------------
1812
-------------------------------------------------THIS SEED FINISHED----------------------------------
---------GENERATE_FOLD-----------------------------------------------
4659
-------------------------------------------------THIS SEED FINISHED----------------------------------
################Results###################
Mode: T
Average AUPR: 0.2940867351492664
Average AUC: [0.8066557207169021]
seed_results: 
('Avg_AUPR_training:', 3.2498208134275934)
('Avg_AUPR:', 0.3006696567154411)
('folds_AUPR:', [0.23076974012955562, 0.3971743809737771, 0.13883943568711682, 0.3006156568451005, 0.39328098157229835, 0.27615781957678365, 0.3086193199230797, 0.3582894850681689, 0.2033544631457057, 0.3995952842328243])
('Avg_AUC_training:', 8.354688262265938)
('Avg_AUC:', 0.8091312915679978)
('folds_AUC:', [0.7548299096628008, 0.8489941630185533, 0.7959217215988781, 0.8351976646937725, 0.814743051914001, 0.8049791491238621, 0.7883635888729268, 0.8120554569382384, 0.8379207694069155, 0.7983074404500308])

seed_results: 
('Avg_AUPR_training:', 3.268923072812051)
('Avg_AUPR:', 0.28550105529305025)
('folds_AUPR:', [0.2777667727966345, 0.3013685868076246, 0.26629858151430225, 0.1965744980688123, 0.23415519163238957, 0.21776419717438664, 0.26324306213730986, 0.33529596664555134, 0.34527662287972194, 0.417267073273769])
('Avg_AUC_training:', 8.372666232288374)
('Avg_AUC:', 0.807661486205393)
('folds_AUC:', [0.8273700305810399, 0.8095488786166752, 0.821807854961977, 0.8021637426900585, 0.798587494376968, 0.7980792975716835, 0.7592456766031895, 0.7926726592873239, 0.8144220395724662, 0.8527171877925482])

seed_results: 
('Avg_AUPR_training:', 3.2624257234790885)
('Avg_AUPR:', 0.3012257338907835)
('folds_AUPR:', [0.42319468563189677, 0.15758277996203338, 0.3071424751884921, 0.18946636362841576, 0.4634433425714004, 0.2947350044941471, 0.42083885922665426, 0.24371710686805273, 0.2298674074279896, 0.282269313908753])
('Avg_AUC_training:', 8.362147102893303)
('Avg_AUC:', 0.8109133079173823)
('folds_AUC:', [0.8556637609366958, 0.803589668758208, 0.8048070586512411, 0.7966407633287429, 0.8350431751564605, 0.7886018935563931, 0.8389631822753609, 0.7466321243523316, 0.8637619286790558, 0.7754295234793329])

seed_results: 
('Avg_AUPR_training:', 3.240849694788308)
('Avg_AUPR:', 0.2936546904257507)
('folds_AUPR:', [0.2992557672117616, 0.36732749660027264, 0.3428342154345008, 0.12123188093149447, 0.3219410405050619, 0.4016326568168651, 0.3560509479610028, 0.07704594571577732, 0.33780359412744854, 0.31142335895332157])
('Avg_AUC_training:', 8.35258048229225)
('Avg_AUC:', 0.7980455943793068)
('folds_AUC:', [0.7824231865695279, 0.7954554865424431, 0.8082705267775252, 0.7765811496775964, 0.8602276588515121, 0.8157122042909097, 0.7802675585284281, 0.7233816139521134, 0.8331975323012455, 0.8049390263017651])

seed_results: 
('Avg_AUPR_training:', 3.2674373633922555)
('Avg_AUPR:', 0.2893825394213064)
('folds_AUPR:', [0.37209096237866823, 0.18603077387085606, 0.405515177297175, 0.33470367461887546, 0.2718021606546088, 0.30016743407940244, 0.21052352645034458, 0.16157554695623821, 0.2893306852682485, 0.3620854526386468])
('Avg_AUC_training:', 8.354274376481708)
('Avg_AUC:', 0.8075269235144299)
('folds_AUC:', [0.8115379164486307, 0.8042277172589009, 0.8303655837439246, 0.837984297661717, 0.8174511673281155, 0.8158908143617624, 0.7848249729339588, 0.7949252118126983, 0.7947245084590764, 0.7833370451355144])

###########################################
('classifier: ', 'LogisticRegression()')
---------GENERATE_FOLD-----------------------------------------------
7771
-------------------------------------------------THIS SEED FINISHED----------------------------------
---------GENERATE_FOLD-----------------------------------------------
8367
-------------------------------------------------THIS SEED FINISHED----------------------------------
---------GENERATE_FOLD-----------------------------------------------
22
-------------------------------------------------THIS SEED FINISHED----------------------------------
---------GENERATE_FOLD-----------------------------------------------
1812
-------------------------------------------------THIS SEED FINISHED----------------------------------
---------GENERATE_FOLD-----------------------------------------------
4659
-------------------------------------------------THIS SEED FINISHED----------------------------------
################Results###################
Mode: T
Average AUPR: 0.09685235417373945
Average AUC: [0.7114695730379625]
seed_results: 
('Avg_AUPR_training:', 0.9450594614471893)
('Avg_AUPR:', 0.08545456581830771)
('folds_AUPR:', [0.04777045575006543, 0.06204281487498236, 0.036638199304082665, 0.11204038362913016, 0.13909229450549854, 0.06160167612182077, 0.09495359027791872, 0.12089395924160362, 0.025999169828988408, 0.15351311464898657])
('Avg_AUC_training:', 7.328768079379779)
('Avg_AUC:', 0.7184226662616067)
('folds_AUC:', [0.6638293431919143, 0.7435115697310819, 0.6762798036465638, 0.7814751672671127, 0.707975878342947, 0.739414170576206, 0.7424252318140264, 0.7214910938360777, 0.7342798259674834, 0.6735445782426532])

seed_results: 
('Avg_AUPR_training:', 0.9446187759515927)
('Avg_AUPR:', 0.09873639434498349)
('folds_AUPR:', [0.11895495153431779, 0.12604052805812946, 0.10928328629956874, 0.08350075786647185, 0.08010247031963019, 0.08378197136726025, 0.07637245308178185, 0.1103278823800414, 0.1055422333329316, 0.09345740920970172])
('Avg_AUC_training:', 7.32808281575371)
('Avg_AUC:', 0.7121491227150416)
('folds_AUC:', [0.7656642881413523, 0.7519174798835816, 0.7328516432459086, 0.7916734143049933, 0.6661808367071524, 0.6415146110577583, 0.642130408451652, 0.6998458509768963, 0.7016772141339769, 0.7280354802471447])

seed_results: 
('Avg_AUPR_training:', 0.9439720605389994)
('Avg_AUPR:', 0.10784674291047165)
('folds_AUPR:', [0.11139682170670177, 0.07467966622358592, 0.1032453673903403, 0.06063864598880597, 0.144605989911431, 0.10637148382703641, 0.21305145630348588, 0.05258695716278157, 0.13711097420389246, 0.0747800663866551])
('Avg_AUC_training:', 7.328159986089866)
('Avg_AUC:', 0.7202132772383603)
('folds_AUC:', [0.7025741443643849, 0.7204248400075045, 0.7254521490810573, 0.6974424552429667, 0.7039293353402519, 0.6944732971780494, 0.839299627431259, 0.5873999057936882, 0.8211953792064289, 0.70994163873801])

seed_results: 
('Avg_AUPR_training:', 0.945889611009497)
('Avg_AUPR:', 0.09855394017276409)
('folds_AUPR:', [0.0857695293774429, 0.09078432573615362, 0.13486321840882445, 0.05447553788519024, 0.12159619930613177, 0.1594122891582012, 0.14334116924713625, 0.011834024818034906, 0.12911251546974725, 0.05435059232077844])
('Avg_AUC_training:', 7.328213618621942)
('Avg_AUC:', 0.7030171937566113)
('folds_AUC:', [0.6265378523915109, 0.6704451345755694, 0.7162938150496472, 0.677994237892715, 0.8121191527919357, 0.765940763644048, 0.717440487900846, 0.60523204256577, 0.7592756954952856, 0.6788927552587856])

seed_results: 
('Avg_AUPR_training:', 0.9439212994622684)
('Avg_AUPR:', 0.09367012762217033)
('folds_AUPR:', [0.17450088132057723, 0.08547147599406615, 0.12095187690273922, 0.07861743316539754, 0.05560148325260847, 0.13346993881791888, 0.046895492413191506, 0.030238247218112493, 0.09143201581032548, 0.11952243132676646])
('Avg_AUC_training:', 7.329671724325118)
('Avg_AUC:', 0.7035456052181923)
('folds_AUC:', [0.7439604046746904, 0.7565255977447534, 0.7350769093881728, 0.6793157725057367, 0.7268363523490676, 0.7574583758069997, 0.631781546974618, 0.6033436769987099, 0.7075903063557385, 0.6935671093834359])

###########################################
('classifier: ', 'MLPClassifier()')
---------GENERATE_FOLD-----------------------------------------------
7771
-------------------------------------------------THIS SEED FINISHED----------------------------------
---------GENERATE_FOLD-----------------------------------------------
8367
-------------------------------------------------THIS SEED FINISHED----------------------------------
---------GENERATE_FOLD-----------------------------------------------
22
-------------------------------------------------THIS SEED FINISHED----------------------------------
---------GENERATE_FOLD-----------------------------------------------
1812
-------------------------------------------------THIS SEED FINISHED----------------------------------
---------GENERATE_FOLD-----------------------------------------------
4659
-------------------------------------------------THIS SEED FINISHED----------------------------------
################Results###################
Mode: T
Average AUPR: 0.7417549478817941
Average AUC: [0.9318434422299907]
seed_results: 
('Avg_AUPR_training:', 9.630079389088698)
('Avg_AUPR:', 0.7602587047202214)
('folds_AUPR:', [0.5277316635760873, 0.8850989818939017, 0.7118492743948764, 0.8548293842682005, 0.8587270031705576, 0.3907218338397275, 0.8398467468536848, 0.8683260063571197, 0.8167510038742758, 0.8487051489737827])
('Avg_AUC_training:', 9.968406216209045)
('Avg_AUC:', 0.9212286031240101)
('folds_AUC:', [0.9631942995140275, 0.9184776943923285, 0.8655767882187938, 0.9103753860010293, 0.9202307288935503, 0.8802979269417379, 0.9983511819250359, 0.9459692722041989, 0.9095259903824137, 0.9002867627669859])

seed_results: 
('Avg_AUPR_training:', 9.661802915828734)
('Avg_AUPR:', 0.702727498417265)
('folds_AUPR:', [0.6568378156714578, 0.47363069024343807, 0.8729832408759046, 0.6379649848883768, 0.8566663402585549, 0.541125238616529, 0.784252489059493, 0.46548537475997553, 0.8068203106954858, 0.9315084991034362])
('Avg_AUC_training:', 9.984592116597687)
('Avg_AUC:', 0.9303691553306421)
('folds_AUC:', [0.9437592026277042, 0.902336928608115, 0.8989493846124669, 0.9058074673864147, 0.9869005847953216, 0.9184661819179586, 0.9103626943005181, 0.9317441745288858, 0.9288741088409649, 0.9764908256880733])

seed_results: 
('Avg_AUPR_training:', 9.671413684225342)
('Avg_AUPR:', 0.7860787836479209)
('folds_AUPR:', [0.8870813484052824, 0.7055770529274712, 0.6737723159456119, 0.6691038923351383, 0.784641723431357, 0.7498732627637902, 0.922678682465799, 0.8582617039485292, 0.8168147742983269, 0.7929830799579043])
('Avg_AUC_training:', 9.98344178576115)
('Avg_AUC:', 0.9356592885538781)
('folds_AUC:', [0.9182843862583634, 0.9091326009464051, 0.9319396646408435, 0.954180602006689, 0.9669729858195358, 0.9198616600790515, 0.9392344633168535, 0.9081051073279053, 0.997896785534907, 0.9109846296082285])

seed_results: 
('Avg_AUPR_training:', 9.649565944045591)
('Avg_AUPR:', 0.7054801982038579)
('folds_AUPR:', [0.8712728815481681, 0.8687652091720101, 0.5049843934014779, 0.41139016370295606, 0.8441085624069826, 0.7213141097373834, 0.4869796190776252, 0.7881352950025525, 0.8060769764963799, 0.7517747714930427])
('Avg_AUC_training:', 9.98654447206672)
('Avg_AUC:', 0.941210822682122)
('folds_AUC:', [0.8991257522964841, 0.9620945479641133, 0.9317834403370951, 0.9625737412539445, 0.9578661230037377, 0.9263883173360322, 0.9609482589022231, 0.9798108187998817, 0.9266965428937259, 0.9048206840339822])

seed_results: 
('Avg_AUPR_training:', 9.666724456012277)
('Avg_AUPR:', 0.7542295544197051)
('folds_AUPR:', [0.8353123677577319, 0.5012541718055951, 0.7552781717953074, 0.876138177974753, 0.7367656024347804, 0.5558022067989958, 0.7369252288933076, 0.8139891537697638, 0.93282360968918, 0.7980068532776359])
('Avg_AUC_training:', 9.983376462895915)
('Avg_AUC:', 0.9307493414593011)
('folds_AUC:', [0.9321908250479679, 0.9065012355131731, 0.9442559864755147, 0.9777360565891032, 0.9606899762765226, 0.9332767017782307, 0.9306006656241228, 0.8528816986855409, 0.9896057874452937, 0.8797544811575424])

###########################################
('classifier: ', 'DecisionTreeClassifier()')
---------GENERATE_FOLD-----------------------------------------------
7771
-------------------------------------------------THIS SEED FINISHED----------------------------------
---------GENERATE_FOLD-----------------------------------------------
8367
-------------------------------------------------THIS SEED FINISHED----------------------------------
---------GENERATE_FOLD-----------------------------------------------
22
-------------------------------------------------THIS SEED FINISHED----------------------------------
---------GENERATE_FOLD-----------------------------------------------
1812
-------------------------------------------------THIS SEED FINISHED----------------------------------
---------GENERATE_FOLD-----------------------------------------------
4659
-------------------------------------------------THIS SEED FINISHED----------------------------------
################Results###################
Mode: T
Average AUPR: 0.9142696468972851
Average AUC: [0.952020493285044]
seed_results: 
('Avg_AUPR_training:', 9.99583444565057)
('Avg_AUPR:', 0.9103247742850111)
('folds_AUPR:', [0.9545455525039525, 0.9179547462386793, 0.8692774048593896, 0.9124942509979567, 0.9252332238949392, 0.8758764666803442, 0.8961607389026744, 0.9468419355784168, 0.904630487508596, 0.9002329356851634])
('Avg_AUC_training:', 9.999867304985793)
('Avg_AUC:', 0.9518405694343188)
('folds_AUC:', [0.9847574610178588, 0.9481055868250989, 0.9339936886395511, 0.9367038728769943, 0.9533848977451496, 0.9204559124263203, 0.998098145487789, 0.9582634510620064, 0.953972979161896, 0.9306696991005246])

seed_results: 
('Avg_AUPR_training:', 9.995494205196396)
('Avg_AUPR:', 0.9166110484351766)
('folds_AUPR:', [0.9257473841554559, 0.9125399929215389, 0.9136225823995101, 0.900575496132134, 0.9719894841738128, 0.8511373438093334, 0.9178564708833767, 0.9151920077115716, 0.9457113628137386, 0.911738359351293])
('Avg_AUC_training:', 9.999856320315251)
('Avg_AUC:', 0.9504043487644326)
('folds_AUC:', [0.965749235474006, 0.9407806882383154, 0.9435910564942823, 0.9290013495276653, 0.9821412505623032, 0.9309027301413089, 0.9343785747930825, 0.9507187430354357, 0.9568350924803416, 0.9699447668975848])

seed_results: 
('Avg_AUPR_training:', 9.995026003838918)
('Avg_AUPR:', 0.9189487942063851)
('folds_AUPR:', [0.9445868735740697, 0.9264526795965673, 0.9459361538271578, 0.9131756799918235, 0.9679627209865804, 0.9061231804267317, 0.9387782188125011, 0.9314052821850157, 0.8645833333333334, 0.850483819330071])
('Avg_AUC_training:', 9.99984111826233)
('Avg_AUC:', 0.9557550443352018)
('folds_AUC:', [0.9528274575398868, 0.9484167517875384, 0.9550871348026653, 0.9415404288805822, 0.9840449972272836, 0.933010846585164, 0.9647015908543581, 0.9473857748469148, 0.9986187845303868, 0.931916676297238])

seed_results: 
('Avg_AUPR_training:', 9.995247371072756)
('Avg_AUPR:', 0.9236214872929052)
('folds_AUPR:', [0.9252703437872418, 0.945368732528862, 0.9138322140315165, 0.9219658053738772, 0.9630832901172427, 0.8947789914673565, 0.9513940483455833, 0.9708373633459363, 0.9285972382027265, 0.8210868457287096])
('Avg_AUC_training:', 9.999848334602735)
('Avg_AUC:', 0.9545177984441529)
('folds_AUC:', [0.9442762115932847, 0.9722153209109731, 0.9472624317103322, 0.9587872136095487, 0.9774323252916526, 0.924019307982338, 0.979972457210309, 0.9705882352941176, 0.9566479455243861, 0.9139765353145867])

seed_results: 
('Avg_AUPR_training:', 9.995456514367076)
('Avg_AUPR:', 0.9018421302669483)
('folds_AUPR:', [0.9422382410697934, 0.8965117247020418, 0.9362363497584374, 0.9370407148972848, 0.8704102166247564, 0.852946320531202, 0.9055803301098762, 0.8845066802002011, 0.9838693823319064, 0.8090813424439829])
('Avg_AUC_training:', 9.999855133461166)
('Avg_AUC:', 0.9475847054471137)
('folds_AUC:', [0.9525144993894994, 0.9229544426269446, 0.9513185260980302, 0.9891287857237677, 0.9437565128705407, 0.9421225506852418, 0.9498125426039535, 0.9303807398626268, 0.9841024887321185, 0.9097559658784148])

###########################################
('classifier: ', 'AdaBoostClassifier()')
---------GENERATE_FOLD-----------------------------------------------
7771
-------------------------------------------------THIS SEED FINISHED----------------------------------
---------GENERATE_FOLD-----------------------------------------------
8367
-------------------------------------------------THIS SEED FINISHED----------------------------------
---------GENERATE_FOLD-----------------------------------------------
22
-------------------------------------------------THIS SEED FINISHED----------------------------------
---------GENERATE_FOLD-----------------------------------------------
1812
-------------------------------------------------THIS SEED FINISHED----------------------------------
---------GENERATE_FOLD-----------------------------------------------
4659
-------------------------------------------------THIS SEED FINISHED----------------------------------
################Results###################
Mode: T
Average AUPR: 0.08449767647117172
Average AUC: [0.7116841093440444]
seed_results: 
('Avg_AUPR_training:', 0.8314351613816424)
('Avg_AUPR:', 0.0828276403163877)
('folds_AUPR:', [0.0322822777697288, 0.05372405689657464, 0.02176561453309875, 0.0963564531296772, 0.14924806514816413, 0.08993980091216064, 0.10506783809376687, 0.11636109022170937, 0.02151867520850499, 0.1420125312504916])
('Avg_AUC_training:', 7.251864370028181)
('Avg_AUC:', 0.7099019127729691)
('folds_AUC:', [0.6421841924808442, 0.7294011882426517, 0.6338096072931276, 0.7671167331446218, 0.7089486103828002, 0.7337703997754521, 0.7423109572939793, 0.7372344983779151, 0.7350812915044653, 0.6691616492338344])

seed_results: 
('Avg_AUPR_training:', 0.819434162254519)
('Avg_AUPR:', 0.08272015655219686)
('folds_AUPR:', [0.06593396011120076, 0.10968729422715122, 0.09473764841637196, 0.07910668550463734, 0.06639762359845301, 0.04528432493584425, 0.06649658273708353, 0.11081855562817756, 0.1035133579269673, 0.08522553243608177])
('Avg_AUC_training:', 7.2634129059062165)
('Avg_AUC:', 0.7178216758151942)
('folds_AUC:', [0.7614792162192774, 0.7685413456599897, 0.7200887523468169, 0.7582591093117408, 0.6502878992352676, 0.6919261901495404, 0.6513054303209744, 0.7089585964390956, 0.7176791493810546, 0.7496910690881857])

seed_results: 
('Avg_AUPR_training:', 0.8269387549249877)
('Avg_AUPR:', 0.08970519789305172)
('folds_AUPR:', [0.08869792039295155, 0.06257208169409831, 0.11248573207312759, 0.05840441556702899, 0.13945172550643448, 0.10342658156639689, 0.1508355710016337, 0.053818193973882156, 0.06920835212641803, 0.05815140502854558])
('Avg_AUC_training:', 7.244059588843889)
('Avg_AUC:', 0.7192745206223184)
('folds_AUC:', [0.7310417202779208, 0.7496195618185988, 0.7144092772936954, 0.6875418060200669, 0.7010140220232908, 0.6654494898428164, 0.7994007734697058, 0.612051678891057, 0.8323078854846812, 0.6999089911013522])

seed_results: 
('Avg_AUPR_training:', 0.8323929070175737)
('Avg_AUPR:', 0.08700942469698622)
('folds_AUPR:', [0.06871866481521889, 0.10220847721906404, 0.11499979961764824, 0.04307856554944308, 0.11347438037825733, 0.17047857602907804, 0.08025528614383816, 0.011644803565310148, 0.10974227102914247, 0.05549342262286193])
('Avg_AUC_training:', 7.2554589977246255)
('Avg_AUC:', 0.7052445201719143)
('folds_AUC:', [0.6342793791574279, 0.6915769496204278, 0.7161276601401018, 0.7022774043078612, 0.7839053120398686, 0.7583777290876534, 0.7278526460751524, 0.6050399054094, 0.7600541264113607, 0.6729540894698892])

seed_results: 
('Avg_AUPR_training:', 0.8241673954694531)
('Avg_AUPR:', 0.08022596289723606)
('folds_AUPR:', [0.17764665220934014, 0.10004665358546729, 0.11019765641918271, 0.0772996940584569, 0.051432446254513695, 0.0552531280123776, 0.04359372104129636, 0.02477746193233711, 0.07268751782787558, 0.0893246976315133])
('Avg_AUC_training:', 7.251664687312442)
('Avg_AUC:', 0.7061779173378248)
('folds_AUC:', [0.7485936682365254, 0.7656005290084572, 0.7431515609880883, 0.715603724564298, 0.7133062102299181, 0.7214746856948692, 0.6356309394923614, 0.6521041804679056, 0.6792287216669932, 0.6870849530288305])

###########################################
('classifier: ', 'GaussianNB()')
---------GENERATE_FOLD-----------------------------------------------
7771
-------------------------------------------------THIS SEED FINISHED----------------------------------
---------GENERATE_FOLD-----------------------------------------------
8367
-------------------------------------------------THIS SEED FINISHED----------------------------------
---------GENERATE_FOLD-----------------------------------------------
22
-------------------------------------------------THIS SEED FINISHED----------------------------------
---------GENERATE_FOLD-----------------------------------------------
1812
-------------------------------------------------THIS SEED FINISHED----------------------------------
---------GENERATE_FOLD-----------------------------------------------
4659
-------------------------------------------------THIS SEED FINISHED----------------------------------
################Results###################
Mode: T
Average AUPR: 0.05403887214505845
Average AUC: [0.5874201576487248]
seed_results: 
('Avg_AUPR_training:', 0.5438621196342184)
('Avg_AUPR:', 0.054767617844397154)
('folds_AUPR:', [0.0186478983556594, 0.04550810522816539, 0.03472105249726308, 0.06719412660683496, 0.10054597027776098, 0.047410877829651504, 0.042291731574192665, 0.05510495005734243, 0.04542361826515009, 0.09082784775195114])
('Avg_AUC_training:', 6.041931825618731)
('Avg_AUC:', 0.5883460493395491)
('folds_AUC:', [0.54288780895024, 0.5973069105691056, 0.5338468618513323, 0.6012006240349975, 0.6071525957000524, 0.600445086009864, 0.6901691262896696, 0.549302197465875, 0.5768261964735515, 0.5843230860508043])

seed_results: 
('Avg_AUPR_training:', 0.5444587600859137)
('Avg_AUPR:', 0.05462003471126955)
('folds_AUPR:', [0.06096798333449469, 0.05468178135971402, 0.06531348294514507, 0.050715564593669896, 0.03321008429561839, 0.022445220856765806, 0.05776738314253786, 0.06858407014601023, 0.0825638551504288, 0.0499509212883108])
('Avg_AUC_training:', 6.041438995748549)
('Avg_AUC:', 0.5868523754147744)
('folds_AUC:', [0.6306603239324953, 0.6203860640301319, 0.5644070850164041, 0.5969500674763834, 0.5506792622582096, 0.5477568939497874, 0.56081690330395, 0.5823273407126762, 0.5931393266674823, 0.6214004868002247])

seed_results: 
('Avg_AUPR_training:', 0.5497405209772729)
('Avg_AUPR:', 0.054935448425592226)
('folds_AUPR:', [0.05253301920024863, 0.04114189504979316, 0.04037267761445086, 0.037891463583889215, 0.07524872559950768, 0.09014960009444072, 0.0733153769906057, 0.07236369032182904, 0.014461159573526257, 0.05187687622763097])
('Avg_AUC_training:', 6.032976950573694)
('Avg_AUC:', 0.5895373391028088)
('folds_AUC:', [0.5960780687081833, 0.5687029663755185, 0.5948140147909498, 0.5021788313987803, 0.6200269349599937, 0.5831602169317034, 0.6460313637715855, 0.5680001345804455, 0.6508977900552486, 0.5654830694556802])

seed_results: 
('Avg_AUPR_training:', 0.5538268957470912)
('Avg_AUPR:', 0.055942202619748874)
('folds_AUPR:', [0.0640554515911286, 0.05977936318267093, 0.06978525164291777, 0.03533653031660752, 0.03836784011783233, 0.0879025186897532, 0.05821930966063371, 0.04563269811415376, 0.04344412512120253, 0.056898937760588394])
('Avg_AUC_training:', 6.042651513518)
('Avg_AUC:', 0.5930594485046896)
('folds_AUC:', [0.5882768451061133, 0.5460075914423741, 0.5758065159309328, 0.559953354369598, 0.6562464605278061, 0.5827179099331561, 0.6331005311823726, 0.6294708838309193, 0.5763589803282505, 0.5826554123953729])

seed_results: 
('Avg_AUPR_training:', 0.5487393177616188)
('Avg_AUPR:', 0.0499290571242845)
('folds_AUPR:', [0.07678811107490321, 0.0634970067272356, 0.07949244850397076, 0.045273597686600414, 0.04913048675857069, 0.02841289780226598, 0.03773896320523765, 0.0199857696710375, 0.040821703284659235, 0.058149586528364])
('Avg_AUC_training:', 6.034508112058875)
('Avg_AUC:', 0.5793055758818018)
('folds_AUC:', [0.5949737266701552, 0.589740020185849, 0.6170852287261848, 0.5412423432136694, 0.5136243708844201, 0.5839506172839506, 0.5824712298007138, 0.5838882884139325, 0.5912535110065974, 0.594826422632545])

###########################################
################Results###################
classifiers: ['RandomForestClassifier()', 'xgboost.XGBClassifier()', 'svm.SVC()', 'GradientBoostingClassifier()', 'LogisticRegression()', 'MLPClassifier()', 'DecisionTreeClassifier()', 'AdaBoostClassifier()', 'GaussianNB()']
Average AUPR: [0.9026699111676959, 0.18421938564612855, 0.49573384471410054, 0.2940867351492664, 0.09685235417373945, 0.7417549478817941, 0.9142696468972851, 0.08449767647117172, 0.05403887214505845]
Average AUC: [[0.9576834386461903], [0.7871046475110746], [0.8054318373124155], [0.8066557207169021], [0.7114695730379625], [0.9318434422299907], [0.952020493285044], [0.7116841093440444], [0.5874201576487248]]
###########################################
2
9
5
10
5
2090
0
Traceback (most recent call last):
  File "6.1_v2_training_GPCR_others_classifiers.py", line 240, in <module>
    for seed in range(len(classifiers_test_true_predict_compare_10cv_seeds_modes[i][0])):
NameError: name 'classifiers_test_true_predict_compare_10cv_seeds_modes' is not defined
