('model_architecture:', 'rf3')
---------GENERATE_FOLD-----------------------------------------------
7771
-------------------------------------------------THIS SEED FINISHED----------------------------------
  parameter  Avg_AUPR
0      [50]  0.957238
1     [150]  0.960843
2     [250]  0.962556
3     [500]  0.962197
('best_parameter_idx : ', 2)
('best_parameter_result : ', parameter       [250]
Avg_AUPR     0.962556
Name: 2, dtype: object)
0.9625557452453612
---------GENERATE_FOLD-----------------------------------------------
8367
-------------------------------------------------THIS SEED FINISHED----------------------------------
  parameter  Avg_AUPR
0      [50]  0.968698
1     [150]  0.969572
2     [250]  0.966681
3     [500]  0.968346
('best_parameter_idx : ', 1)
('best_parameter_result : ', parameter       [150]
Avg_AUPR     0.969572
Name: 1, dtype: object)
0.9695715977692064
---------GENERATE_FOLD-----------------------------------------------
22
-------------------------------------------------THIS SEED FINISHED----------------------------------
  parameter  Avg_AUPR
0      [50]  0.965751
1     [150]  0.966683
2     [250]  0.966228
3     [500]  0.965219
('best_parameter_idx : ', 1)
('best_parameter_result : ', parameter       [150]
Avg_AUPR     0.966683
Name: 1, dtype: object)
0.9666832267213363
---------GENERATE_FOLD-----------------------------------------------
1812
-------------------------------------------------THIS SEED FINISHED----------------------------------
  parameter  Avg_AUPR
0      [50]  0.953147
1     [150]  0.946175
2     [250]  0.951747
3     [500]  0.948236
('best_parameter_idx : ', 0)
('best_parameter_result : ', parameter        [50]
Avg_AUPR     0.953147
Name: 0, dtype: object)
0.9531474592066056
---------GENERATE_FOLD-----------------------------------------------
4659
-------------------------------------------------THIS SEED FINISHED----------------------------------
  parameter  Avg_AUPR
0      [50]  0.941514
1     [150]  0.944847
2     [250]  0.942685
3     [500]  0.945165
('best_parameter_idx : ', 3)
('best_parameter_result : ', parameter       [500]
Avg_AUPR     0.945165
Name: 3, dtype: object)
0.9451653598442309
################Results###################
('model_architecture:', 'rf3')
Mode: p
Average AUPR: 0.9594246777573483
Average AUC: [0.9910689381732462]
seed_results: 
('Avg_AUPR_training:', 9.96819465223187)
('Avg_AUPR:', 0.9625557452453612)
('folds_AUPR:', [0.8962809917355372, 0.8979325173051678, 1.0, 1.0, 1.0, 1.0, 0.8725527346217001, 1.0, 1.0, 0.9587912087912089])
('Avg_AUC_training:', 9.99838657324117)
('Avg_AUC:', 0.9927675672453853)
('folds_AUC:', [0.9837914023960536, 0.9700520833333333, 1.0, 1.0, 1.0, 1.0, 0.9779474130619169, 1.0, 1.0, 0.9958847736625515])

seed_results: 
('Avg_AUPR_training:', 9.985640200092456)
('Avg_AUPR:', 0.9695715977692064)
('folds_AUPR:', [1.0, 0.8739988832969521, 1.0, 1.0, 1.0, 1.0, 1.0, 0.9497685185185185, 0.973442695791767, 0.8985058800848271])
('Avg_AUC_training:', 9.999239939621612)
('Avg_AUC:', 0.9912835281470015)
('folds_AUC:', [1.0, 0.9498106060606061, 1.0, 1.0, 0.9999999999999999, 1.0, 1.0, 0.9940627650551315, 0.9962666666666666, 0.9726952436876101])

seed_results: 
('Avg_AUPR_training:', 9.957160424295264)
('Avg_AUPR:', 0.9666832267213363)
('folds_AUPR:', [1.0, 0.9037698412698412, 0.9999999999999999, 1.0, 1.0, 0.9457912457912457, 0.9999999999999998, 0.9539682539682541, 0.9511078042328043, 0.9121951219512194])
('Avg_AUC_training:', 9.997887210612605)
('Avg_AUC:', 0.9939251654580831)
('folds_AUC:', [1.0, 0.9906716417910448, 1.0, 1.0, 1.0, 0.98907681465821, 1.0, 0.9949109414758269, 0.9909297052154195, 0.9736625514403292])

seed_results: 
('Avg_AUPR_training:', 9.97885989753136)
('Avg_AUPR:', 0.9531474592066056)
('folds_AUPR:', [0.9350079744816586, 1.0, 0.9999999999999998, 0.9954545454545455, 0.9054086662938338, 1.0, 0.8583959899749374, 0.9645989974937345, 0.8726084183673468, 1.0])
('Avg_AUC_training:', 9.99878081168525)
('Avg_AUC:', 0.9878719726915941)
('folds_AUC:', [0.989821882951654, 1.0, 1.0, 0.9996153846153846, 0.9908386187455954, 1.0, 0.9614427860696517, 0.9944661458333334, 0.9425349087003222, 1.0])

seed_results: 
('Avg_AUPR_training:', 9.976848171192172)
('Avg_AUPR:', 0.9451653598442309)
('folds_AUPR:', [0.9325680272108843, 0.9206845238095238, 0.9290458937198067, 0.9999999999999998, 0.9254854826546003, 1.0, 0.9836601307189542, 1.0, 0.8559451219512195, 0.9042644183773216])
('Avg_AUC_training:', 9.998755307466853)
('Avg_AUC:', 0.9894964573241671)
('folds_AUC:', [0.9967776584317938, 0.9876893939393939, 0.9872773536895675, 1.0, 0.9915384615384616, 1.0, 0.9977324263038548, 1.0, 0.9564676616915423, 0.9774816176470588])

###########################################
---------GENERATE_FOLD-----------------------------------------------
7771
-------------------------------------------------THIS SEED FINISHED----------------------------------
  parameter  Avg_AUPR
0      [50]  0.926321
1     [150]  0.925587
2     [250]  0.927777
3     [500]  0.926807
('best_parameter_idx : ', 2)
('best_parameter_result : ', parameter       [250]
Avg_AUPR     0.927777
Name: 2, dtype: object)
0.9277773723279118
---------GENERATE_FOLD-----------------------------------------------
8367
-------------------------------------------------THIS SEED FINISHED----------------------------------
  parameter  Avg_AUPR
0      [50]  0.931480
1     [150]  0.929758
2     [250]  0.933164
3     [500]  0.935087
('best_parameter_idx : ', 3)
('best_parameter_result : ', parameter       [500]
Avg_AUPR     0.935087
Name: 3, dtype: object)
0.9350874345335758
---------GENERATE_FOLD-----------------------------------------------
22
-------------------------------------------------THIS SEED FINISHED----------------------------------
  parameter  Avg_AUPR
0      [50]  0.933808
1     [150]  0.926218
2     [250]  0.930659
3     [500]  0.928897
('best_parameter_idx : ', 0)
('best_parameter_result : ', parameter        [50]
Avg_AUPR     0.933808
Name: 0, dtype: object)
0.9338078749572905
---------GENERATE_FOLD-----------------------------------------------
1812
-------------------------------------------------THIS SEED FINISHED----------------------------------
  parameter  Avg_AUPR
0      [50]  0.946247
1     [150]  0.944010
2     [250]  0.945977
3     [500]  0.944740
('best_parameter_idx : ', 0)
('best_parameter_result : ', parameter        [50]
Avg_AUPR     0.946247
Name: 0, dtype: object)
0.9462468892923056
---------GENERATE_FOLD-----------------------------------------------
4659
-------------------------------------------------THIS SEED FINISHED----------------------------------
  parameter  Avg_AUPR
0      [50]  0.955805
1     [150]  0.954880
2     [250]  0.954911
3     [500]  0.958920
('best_parameter_idx : ', 3)
('best_parameter_result : ', parameter      [500]
Avg_AUPR     0.95892
Name: 3, dtype: object)
0.9589204310512083
################Results###################
('model_architecture:', 'rf3')
Mode: D
Average AUPR: 0.9403680004324584
Average AUC: [0.9846476257223514]
seed_results: 
('Avg_AUPR_training:', 9.989438104887972)
('Avg_AUPR:', 0.9277773723279118)
('folds_AUPR:', [0.6631004594820384, 1.0, 0.8697308431018275, 0.9742063492063491, 1.0, 0.9999999999999998, 0.9939083820662769, 0.8200000000000001, 1.0, 0.9568276894226262])
('Avg_AUC_training:', 9.999340553618568)
('Avg_AUC:', 0.986187655481338)
('folds_AUC:', [0.9603494623655914, 1.0, 0.9491525423728813, 0.9986559139784946, 1.0, 1.0, 0.9990079365079366, 0.9704, 1.0, 0.9843106995884774])

seed_results: 
('Avg_AUPR_training:', 9.989223813419859)
('Avg_AUPR:', 0.9350874345335758)
('folds_AUPR:', [1.0, 1.0, 0.9296296296296296, 1.0, 1.0, 0.7749699033630166, 0.9055555555555557, 1.0, 0.9958333333333333, 0.7448859234542224])
('Avg_AUC_training:', 9.99928089150918)
('Avg_AUC:', 0.983965273781798)
('folds_AUC:', [1.0, 1.0, 0.9946236559139785, 1.0, 0.9999999999999999, 0.9258333333333333, 0.9936, 1.0, 0.9994202898550725, 0.9261754587155964])

seed_results: 
('Avg_AUPR_training:', 9.989301735594456)
('Avg_AUPR:', 0.9338078749572905)
('folds_AUPR:', [1.0, 1.0, 0.6730790043290042, 1.0, 0.99125, 0.9652777777777777, 0.9833333333333334, 0.9424999999999999, 1.0, 0.7826386341327894])
('Avg_AUC_training:', 9.999324824637583)
('Avg_AUC:', 0.9826854810883721)
('folds_AUC:', [1.0, 1.0, 0.9184, 1.0, 0.998840579710145, 0.997983870967742, 0.9992, 0.9968, 1.0, 0.9156303602058319])

seed_results: 
('Avg_AUPR_training:', 9.992119625076079)
('Avg_AUPR:', 0.9462468892923056)
('folds_AUPR:', [1.0, 0.9714285714285713, 0.8738515406162465, 1.0, 1.0, 1.0, 0.9788030343716432, 1.0, 0.9414315569487983, 0.6969541895577974])
('Avg_AUC_training:', 9.999459423076399)
('Avg_AUC:', 0.9801872351464237)
('folds_AUC:', [1.0, 0.9984, 0.9633333333333334, 1.0, 1.0, 1.0, 0.9969211822660099, 1.0, 0.9854851031321619, 0.8577327327327327])

seed_results: 
('Avg_AUPR_training:', 9.992132122956022)
('Avg_AUPR:', 0.9589204310512083)
('folds_AUPR:', [0.8127898027898028, 0.9151545870873601, 1.0, 1.0, 0.9999999999999998, 0.9742063492063491, 1.0, 1.0, 0.8870535714285712, 1.0])
('Avg_AUC_training:', 9.999478545268799)
('Avg_AUC:', 0.9902124831138253)
('folds_AUC:', [0.953168044077135, 0.9787561576354679, 1.0, 1.0, 1.0, 0.9986559139784946, 1.0, 1.0, 0.9715447154471545, 1.0])

###########################################
---------GENERATE_FOLD-----------------------------------------------
7771
-------------------------------------------------THIS SEED FINISHED----------------------------------
  parameter  Avg_AUPR
0      [50]  0.951320
1     [150]  0.951894
2     [250]  0.949661
3     [500]  0.949776
('best_parameter_idx : ', 1)
('best_parameter_result : ', parameter       [150]
Avg_AUPR     0.951894
Name: 1, dtype: object)
0.9518937528285427
---------GENERATE_FOLD-----------------------------------------------
8367
-------------------------------------------------THIS SEED FINISHED----------------------------------
  parameter  Avg_AUPR
0      [50]  0.953607
1     [150]  0.955826
2     [250]  0.955031
3     [500]  0.954820
('best_parameter_idx : ', 1)
('best_parameter_result : ', parameter       [150]
Avg_AUPR     0.955826
Name: 1, dtype: object)
0.9558262702961906
---------GENERATE_FOLD-----------------------------------------------
22
-------------------------------------------------THIS SEED FINISHED----------------------------------
  parameter  Avg_AUPR
0      [50]  0.958578
1     [150]  0.962394
2     [250]  0.960762
3     [500]  0.960556
('best_parameter_idx : ', 1)
('best_parameter_result : ', parameter       [150]
Avg_AUPR     0.962394
Name: 1, dtype: object)
0.9623935863506363
---------GENERATE_FOLD-----------------------------------------------
1812
-------------------------------------------------THIS SEED FINISHED----------------------------------
  parameter  Avg_AUPR
0      [50]  0.890268
1     [150]  0.892942
2     [250]  0.890502
3     [500]  0.898596
('best_parameter_idx : ', 3)
('best_parameter_result : ', parameter       [500]
Avg_AUPR     0.898596
Name: 3, dtype: object)
0.8985963052280821
---------GENERATE_FOLD-----------------------------------------------
4659
-------------------------------------------------THIS SEED FINISHED----------------------------------
  parameter  Avg_AUPR
0      [50]  0.938134
1     [150]  0.939265
2     [250]  0.937811
3     [500]  0.937444
('best_parameter_idx : ', 1)
('best_parameter_result : ', parameter       [150]
Avg_AUPR     0.939265
Name: 1, dtype: object)
0.939264685492455
################Results###################
('model_architecture:', 'rf3')
Mode: T
Average AUPR: 0.9415949200391813
Average AUC: [0.9822291834885732]
seed_results: 
('Avg_AUPR_training:', 9.952406701072912)
('Avg_AUPR:', 0.9518937528285427)
('folds_AUPR:', [0.9926520847573477, 1.0, 0.9169926510141442, 0.9999999999999998, 0.8896903589021814, 1.0, 1.0, 1.0, 1.0, 0.7196024336117542])
('Avg_AUC_training:', 9.997746357930744)
('Avg_AUC:', 0.9877620256920491)
('folds_AUC:', [0.9982259018332348, 1.0, 0.9781376518218624, 1.0, 0.9688826025459689, 1.0, 1.0, 1.0, 1.0, 0.9323741007194245])

seed_results: 
('Avg_AUPR_training:', 9.978724215760815)
('Avg_AUPR:', 0.9558262702961906)
('folds_AUPR:', [0.9999999999999998, 1.0, 1.0, 1.0, 1.0, 0.9947833775419982, 0.9312940146273481, 1.0, 1.0, 0.6321853107925602])
('Avg_AUC_training:', 9.998873282689088)
('Avg_AUC:', 0.98574213066896)
('folds_AUC:', [1.0, 1.0, 1.0, 1.0, 1.0, 0.9981238273921201, 0.9915824915824917, 1.0, 1.0, 0.8677149877149878])

seed_results: 
('Avg_AUPR_training:', 9.963870981999634)
('Avg_AUPR:', 0.9623935863506363)
('folds_AUPR:', [0.926753680892298, 1.0, 1.0, 1.0, 1.0, 1.0, 1.0, 1.0, 0.9391414141414143, 0.7580407684726509])
('Avg_AUC_training:', 9.99821473906603)
('Avg_AUC:', 0.9868170770937906)
('folds_AUC:', [0.9783798576902025, 1.0, 1.0, 1.0, 0.9999999999999999, 1.0, 1.0, 1.0, 0.9932659932659933, 0.8965249199817101])

seed_results: 
('Avg_AUPR_training:', 9.93783383791756)
('Avg_AUPR:', 0.8985963052280821)
('folds_AUPR:', [1.0, 0.988515406162465, 0.9999999999999998, 1.0, 0.9568706293706294, 1.0, 0.7556159420289855, 0.875901875901876, 1.0, 0.40905919881686437])
('Avg_AUC_training:', 9.997126673782113)
('Avg_AUC:', 0.9709195873171991)
('folds_AUC:', [1.0, 0.9974143503555268, 1.0, 1.0, 0.9948979591836735, 1.0, 0.9656862745098039, 0.9738562091503268, 1.0, 0.777341079972659])

seed_results: 
('Avg_AUPR_training:', 9.954086825658807)
('Avg_AUPR:', 0.939264685492455)
('folds_AUPR:', [1.0, 0.9481577914064546, 1.0, 1.0, 1.0, 0.9999999999999998, 0.9843059753545689, 1.0, 0.9712307692307692, 0.48895231893275626])
('Avg_AUC_training:', 9.997733853070013)
('Avg_AUC:', 0.9799050966708667)
('folds_AUC:', [1.0, 0.9920337394564198, 1.0, 1.0, 1.0, 1.0, 0.9961215255332903, 1.0, 0.9921146953405018, 0.8187810063784551])

###########################################
################Results###################
('model_architecture:', 'rf3')
Mode: ['p', 'D', 'T']
Average AUPR: [0.9594246777573483, 0.9403680004324584, 0.9415949200391813]
Average AUC: [[0.9910689381732462], [0.9846476257223514], [0.9822291834885732]]
###########################################
3
5
10
5
140
